{"/home/travis/build/npmtest/node-npmtest-java/test.js":{"path":"/home/travis/build/npmtest/node-npmtest-java/test.js","s":{"1":2,"2":2,"3":2,"4":2,"5":2,"6":2,"7":2,"8":1,"9":2,"10":2,"11":1,"12":1,"13":1,"14":1,"15":2,"16":2,"17":2,"18":2,"19":1,"20":1,"21":2,"22":2,"23":2,"24":1,"25":1,"26":1,"27":1,"28":1,"29":1,"30":1,"31":1,"32":1,"33":1,"34":1,"35":1,"36":1,"37":1,"38":1,"39":2,"40":2,"41":1,"42":2,"43":2,"44":1,"45":2,"46":2,"47":1,"48":2,"49":2,"50":1,"51":1,"52":1,"53":1,"54":1},"b":{"1":[2,1,1,1],"2":[1,1,1,1],"3":[1,1],"4":[1,1],"5":[1,1],"6":[1,1],"7":[1,1],"8":[1,1],"9":[1,1],"10":[1,1,1],"11":[1,1],"12":[1,1],"13":[1,1],"14":[1,1],"15":[1,1],"16":[1,1],"17":[1,1]},"f":{"1":2,"2":2,"3":2,"4":2,"5":2,"6":1,"7":1,"8":1,"9":2,"10":2,"11":2,"12":2,"13":1},"fnMap":{"1":{"name":"(anonymous_1)","line":12,"loc":{"start":{"line":12,"column":1},"end":{"line":12,"column":13}}},"2":{"name":"(anonymous_2)","line":19,"loc":{"start":{"line":19,"column":5},"end":{"line":19,"column":17}}},"3":{"name":"(anonymous_3)","line":23,"loc":{"start":{"line":23,"column":24},"end":{"line":23,"column":36}}},"4":{"name":"(anonymous_4)","line":61,"loc":{"start":{"line":61,"column":5},"end":{"line":61,"column":17}}},"5":{"name":"(anonymous_5)","line":82,"loc":{"start":{"line":82,"column":5},"end":{"line":82,"column":17}}},"6":{"name":"(anonymous_6)","line":91,"loc":{"start":{"line":91,"column":77},"end":{"line":94,"column":10}}},"7":{"name":"(anonymous_7)","line":112,"loc":{"start":{"line":112,"column":83},"end":{"line":115,"column":10}},"skip":true},"8":{"name":"(anonymous_8)","line":123,"loc":{"start":{"line":123,"column":77},"end":{"line":126,"column":10}},"skip":true},"9":{"name":"(anonymous_9)","line":139,"loc":{"start":{"line":139,"column":12},"end":{"line":139,"column":40}},"skip":true},"10":{"name":"(anonymous_10)","line":147,"loc":{"start":{"line":147,"column":77},"end":{"line":150,"column":10}},"skip":true},"11":{"name":"(anonymous_11)","line":158,"loc":{"start":{"line":158,"column":83},"end":{"line":161,"column":10}},"skip":true},"12":{"name":"(anonymous_12)","line":169,"loc":{"start":{"line":169,"column":79},"end":{"line":172,"column":10}},"skip":true},"13":{"name":"(anonymous_13)","line":180,"loc":{"start":{"line":180,"column":75},"end":{"line":183,"column":10}},"skip":true}},"statementMap":{"1":{"start":{"line":12,"column":0},"end":{"line":195,"column":5}},"2":{"start":{"line":14,"column":4},"end":{"line":14,"column":14}},"3":{"start":{"line":19,"column":4},"end":{"line":56,"column":9}},"4":{"start":{"line":21,"column":8},"end":{"line":21,"column":19}},"5":{"start":{"line":23,"column":8},"end":{"line":35,"column":13}},"6":{"start":{"line":24,"column":12},"end":{"line":34,"column":13}},"7":{"start":{"line":25,"column":16},"end":{"line":28,"column":30}},"8":{"start":{"line":30,"column":16},"end":{"line":33,"column":27}},"9":{"start":{"line":37,"column":8},"end":{"line":39,"column":21}},"10":{"start":{"line":40,"column":8},"end":{"line":53,"column":9}},"11":{"start":{"line":43,"column":12},"end":{"line":46,"column":14}},"12":{"start":{"line":47,"column":12},"end":{"line":47,"column":18}},"13":{"start":{"line":50,"column":12},"end":{"line":51,"column":33}},"14":{"start":{"line":52,"column":12},"end":{"line":52,"column":18}},"15":{"start":{"line":55,"column":8},"end":{"line":55,"column":35}},"16":{"start":{"line":61,"column":4},"end":{"line":63,"column":9}},"17":{"start":{"line":62,"column":8},"end":{"line":62,"column":15}},"18":{"start":{"line":64,"column":4},"end":{"line":77,"column":5}},"19":{"start":{"line":70,"column":8},"end":{"line":70,"column":14}},"20":{"start":{"line":76,"column":8},"end":{"line":76,"column":14}},"21":{"start":{"line":82,"column":4},"end":{"line":84,"column":9}},"22":{"start":{"line":83,"column":8},"end":{"line":83,"column":15}},"23":{"start":{"line":85,"column":4},"end":{"line":194,"column":5}},"24":{"start":{"line":91,"column":8},"end":{"line":99,"column":10}},"25":{"start":{"line":98,"column":12},"end":{"line":98,"column":35}},"26":{"start":{"line":102,"column":8},"end":{"line":104,"column":63}},"27":{"start":{"line":105,"column":8},"end":{"line":105,"column":14}},"28":{"start":{"line":112,"column":8},"end":{"line":121,"column":10},"skip":true},"29":{"start":{"line":119,"column":12},"end":{"line":119,"column":55},"skip":true},"30":{"start":{"line":120,"column":12},"end":{"line":120,"column":48},"skip":true},"31":{"start":{"line":123,"column":8},"end":{"line":136,"column":10},"skip":true},"32":{"start":{"line":130,"column":12},"end":{"line":130,"column":76},"skip":true},"33":{"start":{"line":131,"column":12},"end":{"line":131,"column":73},"skip":true},"34":{"start":{"line":132,"column":12},"end":{"line":132,"column":74},"skip":true},"35":{"start":{"line":133,"column":12},"end":{"line":133,"column":79},"skip":true},"36":{"start":{"line":134,"column":12},"end":{"line":134,"column":25},"skip":true},"37":{"start":{"line":135,"column":12},"end":{"line":135,"column":45},"skip":true},"38":{"start":{"line":138,"column":8},"end":{"line":145,"column":14},"skip":true},"39":{"start":{"line":143,"column":16},"end":{"line":143,"column":29},"skip":true},"40":{"start":{"line":144,"column":16},"end":{"line":144,"column":55},"skip":true},"41":{"start":{"line":147,"column":8},"end":{"line":156,"column":10},"skip":true},"42":{"start":{"line":154,"column":12},"end":{"line":154,"column":25},"skip":true},"43":{"start":{"line":155,"column":12},"end":{"line":155,"column":45},"skip":true},"44":{"start":{"line":158,"column":8},"end":{"line":167,"column":10},"skip":true},"45":{"start":{"line":165,"column":12},"end":{"line":165,"column":25},"skip":true},"46":{"start":{"line":166,"column":12},"end":{"line":166,"column":48},"skip":true},"47":{"start":{"line":169,"column":8},"end":{"line":178,"column":10},"skip":true},"48":{"start":{"line":176,"column":12},"end":{"line":176,"column":25},"skip":true},"49":{"start":{"line":177,"column":12},"end":{"line":177,"column":46},"skip":true},"50":{"start":{"line":180,"column":8},"end":{"line":189,"column":10},"skip":true},"51":{"start":{"line":187,"column":12},"end":{"line":187,"column":94},"skip":true},"52":{"start":{"line":188,"column":12},"end":{"line":188,"column":48},"skip":true},"53":{"start":{"line":192,"column":8},"end":{"line":192,"column":35},"skip":true},"54":{"start":{"line":193,"column":8},"end":{"line":193,"column":14},"skip":true}},"branchMap":{"1":{"line":25,"type":"binary-expr","locations":[{"start":{"line":25,"column":23},"end":{"line":25,"column":62}},{"start":{"line":26,"column":20},"end":{"line":26,"column":70}},{"start":{"line":27,"column":20},"end":{"line":27,"column":71}},{"start":{"line":28,"column":20},"end":{"line":28,"column":29}}]},"2":{"line":30,"type":"binary-expr","locations":[{"start":{"line":30,"column":23},"end":{"line":30,"column":37}},{"start":{"line":31,"column":20},"end":{"line":31,"column":61}},{"start":{"line":32,"column":20},"end":{"line":32,"column":70}},{"start":{"line":33,"column":20},"end":{"line":33,"column":26}}]},"3":{"line":37,"type":"cond-expr","locations":[{"start":{"line":38,"column":14},"end":{"line":38,"column":20}},{"start":{"line":39,"column":14},"end":{"line":39,"column":20}}]},"4":{"line":40,"type":"switch","locations":[{"start":{"line":42,"column":8},"end":{"line":47,"column":18}},{"start":{"line":49,"column":8},"end":{"line":52,"column":18}}]},"5":{"line":44,"type":"binary-expr","locations":[{"start":{"line":44,"column":16},"end":{"line":44,"column":44}},{"start":{"line":44,"column":48},"end":{"line":44,"column":66}}]},"6":{"line":50,"type":"binary-expr","locations":[{"start":{"line":50,"column":21},"end":{"line":50,"column":49}},{"start":{"line":50,"column":53},"end":{"line":50,"column":72}}]},"7":{"line":64,"type":"switch","locations":[{"start":{"line":69,"column":4},"end":{"line":70,"column":14}},{"start":{"line":75,"column":4},"end":{"line":76,"column":14}}]},"8":{"line":85,"type":"switch","locations":[{"start":{"line":90,"column":4},"end":{"line":105,"column":14}},{"start":{"line":111,"column":4},"end":{"line":193,"column":14},"skip":true}]},"9":{"line":91,"type":"binary-expr","locations":[{"start":{"line":91,"column":42},"end":{"line":91,"column":73}},{"start":{"line":91,"column":77},"end":{"line":99,"column":9}}]},"10":{"line":102,"type":"binary-expr","locations":[{"start":{"line":102,"column":18},"end":{"line":102,"column":32}},{"start":{"line":103,"column":12},"end":{"line":103,"column":53}},{"start":{"line":104,"column":12},"end":{"line":104,"column":61}}]},"11":{"line":112,"type":"binary-expr","locations":[{"start":{"line":112,"column":45},"end":{"line":112,"column":79},"skip":true},{"start":{"line":112,"column":83},"end":{"line":121,"column":9},"skip":true}]},"12":{"line":123,"type":"binary-expr","locations":[{"start":{"line":123,"column":42},"end":{"line":123,"column":73},"skip":true},{"start":{"line":123,"column":77},"end":{"line":136,"column":9},"skip":true}]},"13":{"line":138,"type":"binary-expr","locations":[{"start":{"line":138,"column":48},"end":{"line":138,"column":85},"skip":true},{"start":{"line":139,"column":12},"end":{"line":145,"column":13},"skip":true}]},"14":{"line":147,"type":"binary-expr","locations":[{"start":{"line":147,"column":42},"end":{"line":147,"column":73},"skip":true},{"start":{"line":147,"column":77},"end":{"line":156,"column":9},"skip":true}]},"15":{"line":158,"type":"binary-expr","locations":[{"start":{"line":158,"column":45},"end":{"line":158,"column":79},"skip":true},{"start":{"line":158,"column":83},"end":{"line":167,"column":9},"skip":true}]},"16":{"line":169,"type":"binary-expr","locations":[{"start":{"line":169,"column":43},"end":{"line":169,"column":75},"skip":true},{"start":{"line":169,"column":79},"end":{"line":178,"column":9},"skip":true}]},"17":{"line":180,"type":"binary-expr","locations":[{"start":{"line":180,"column":41},"end":{"line":180,"column":71},"skip":true},{"start":{"line":180,"column":75},"end":{"line":189,"column":9},"skip":true}]}},"code":["/* istanbul instrument in package npmtest_java */","/*jslint","    bitwise: true,","    browser: true,","    maxerr: 8,","    maxlen: 96,","    node: true,","    nomen: true,","    regexp: true,","    stupid: true","*/","(function () {","    'use strict';","    var local;","","","","    // run shared js-env code - init-before","    (function () {","        // init local","        local = {};","        // init modeJs","        local.modeJs = (function () {","            try {","                return typeof navigator.userAgent === 'string' &&","                    typeof document.querySelector('body') === 'object' &&","                    typeof XMLHttpRequest.prototype.open === 'function' &&","                    'browser';","            } catch (errorCaughtBrowser) {","                return module.exports &&","                    typeof process.versions.node === 'string' &&","                    typeof require('http').createServer === 'function' &&","                    'node';","            }","        }());","        // init global","        local.global = local.modeJs === 'browser'","            ? window","            : global;","        switch (local.modeJs) {","        // re-init local from window.local","        case 'browser':","            local = local.global.utility2.objectSetDefault(","                local.global.utility2_rollup || local.global.local,","                local.global.utility2","            );","            break;","        // re-init local from example.js","        case 'node':","            local = (local.global.utility2_rollup || require('utility2'))","                .requireReadme();","            break;","        }","        // export local","        local.global.local = local;","    }());","","","","    // run shared js-env code - function","    (function () {","        return;","    }());","    switch (local.modeJs) {","","","","    // run browser js-env code - function","    case 'browser':","        break;","","","","    // run node js-env code - function","    case 'node':","        break;","    }","","","","    // run shared js-env code - init-after","    (function () {","        return;","    }());","    switch (local.modeJs) {","","","","    // run browser js-env code - init-after","    case 'browser':","        local.testCase_browser_nullCase = local.testCase_browser_nullCase || function (","            options,","            onError","        ) {","        /*","         * this function will test browsers's null-case handling-behavior-behavior","         */","            onError(null, options);","        };","","        // run tests","        local.nop(local.modeTest &&","            document.querySelector('#testRunButton1') &&","            document.querySelector('#testRunButton1').click());","        break;","","","","    // run node js-env code - init-after","    /* istanbul ignore next */","    case 'node':","        local.testCase_buildApidoc_default = local.testCase_buildApidoc_default || function (","            options,","            onError","        ) {","        /*","         * this function will test buildApidoc's default handling-behavior-behavior","         */","            options = { modulePathList: module.paths };","            local.buildApidoc(options, onError);","        };","","        local.testCase_buildApp_default = local.testCase_buildApp_default || function (","            options,","            onError","        ) {","        /*","         * this function will test buildApp's default handling-behavior-behavior","         */","            local.testCase_buildReadme_default(options, local.onErrorThrow);","            local.testCase_buildLib_default(options, local.onErrorThrow);","            local.testCase_buildTest_default(options, local.onErrorThrow);","            local.testCase_buildCustomOrg_default(options, local.onErrorThrow);","            options = [];","            local.buildApp(options, onError);","        };","","        local.testCase_buildCustomOrg_default = local.testCase_buildCustomOrg_default ||","            function (options, onError) {","            /*","             * this function will test buildCustomOrg's default handling-behavior","             */","                options = {};","                local.buildCustomOrg(options, onError);","            };","","        local.testCase_buildLib_default = local.testCase_buildLib_default || function (","            options,","            onError","        ) {","        /*","         * this function will test buildLib's default handling-behavior","         */","            options = {};","            local.buildLib(options, onError);","        };","","        local.testCase_buildReadme_default = local.testCase_buildReadme_default || function (","            options,","            onError","        ) {","        /*","         * this function will test buildReadme's default handling-behavior-behavior","         */","            options = {};","            local.buildReadme(options, onError);","        };","","        local.testCase_buildTest_default = local.testCase_buildTest_default || function (","            options,","            onError","        ) {","        /*","         * this function will test buildTest's default handling-behavior","         */","            options = {};","            local.buildTest(options, onError);","        };","","        local.testCase_webpage_default = local.testCase_webpage_default || function (","            options,","            onError","        ) {","        /*","         * this function will test webpage's default handling-behavior","         */","            options = { modeCoverageMerge: true, url: local.serverLocalHost + '?modeTest=1' };","            local.browserTest(options, onError);","        };","","        // run test-server","        local.testRunServer(local);","        break;","    }","}());",""],"l":{"12":2,"14":2,"19":2,"21":2,"23":2,"24":2,"25":2,"30":1,"37":2,"40":2,"43":1,"47":1,"50":1,"52":1,"55":2,"61":2,"62":2,"64":2,"70":1,"76":1,"82":2,"83":2,"85":2,"91":1,"98":1,"102":1,"105":1,"112":1,"119":1,"120":1,"123":1,"130":1,"131":1,"132":1,"133":1,"134":1,"135":1,"138":1,"143":2,"144":2,"147":1,"154":2,"155":2,"158":1,"165":2,"166":2,"169":1,"176":2,"177":2,"180":1,"187":1,"188":1,"192":1,"193":1}},"/home/travis/build/npmtest/node-npmtest-java/lib.npmtest_java.js":{"path":"/home/travis/build/npmtest/node-npmtest-java/lib.npmtest_java.js","s":{"1":2,"2":2,"3":2,"4":2,"5":2,"6":2,"7":2,"8":1,"9":2,"10":2,"11":2,"12":2,"13":1,"14":1,"15":1,"16":1},"b":{"1":[2,1,1,1],"2":[1,1,1,1],"3":[1,1],"4":[2,2],"5":[1,1]},"f":{"1":2,"2":2,"3":2},"fnMap":{"1":{"name":"(anonymous_1)","line":12,"loc":{"start":{"line":12,"column":1},"end":{"line":12,"column":13}}},"2":{"name":"(anonymous_2)","line":19,"loc":{"start":{"line":19,"column":5},"end":{"line":19,"column":17}}},"3":{"name":"(anonymous_3)","line":23,"loc":{"start":{"line":23,"column":24},"end":{"line":23,"column":36}}}},"statementMap":{"1":{"start":{"line":12,"column":0},"end":{"line":53,"column":5}},"2":{"start":{"line":14,"column":4},"end":{"line":14,"column":14}},"3":{"start":{"line":19,"column":4},"end":{"line":52,"column":9}},"4":{"start":{"line":21,"column":8},"end":{"line":21,"column":19}},"5":{"start":{"line":23,"column":8},"end":{"line":35,"column":13}},"6":{"start":{"line":24,"column":12},"end":{"line":34,"column":13}},"7":{"start":{"line":25,"column":16},"end":{"line":28,"column":30}},"8":{"start":{"line":30,"column":16},"end":{"line":33,"column":27}},"9":{"start":{"line":37,"column":8},"end":{"line":39,"column":21}},"10":{"start":{"line":41,"column":8},"end":{"line":41,"column":54}},"11":{"start":{"line":43,"column":8},"end":{"line":43,"column":49}},"12":{"start":{"line":45,"column":8},"end":{"line":51,"column":9}},"13":{"start":{"line":46,"column":12},"end":{"line":46,"column":55}},"14":{"start":{"line":48,"column":12},"end":{"line":48,"column":35}},"15":{"start":{"line":49,"column":12},"end":{"line":49,"column":49}},"16":{"start":{"line":50,"column":12},"end":{"line":50,"column":43}}},"branchMap":{"1":{"line":25,"type":"binary-expr","locations":[{"start":{"line":25,"column":23},"end":{"line":25,"column":62}},{"start":{"line":26,"column":20},"end":{"line":26,"column":70}},{"start":{"line":27,"column":20},"end":{"line":27,"column":71}},{"start":{"line":28,"column":20},"end":{"line":28,"column":29}}]},"2":{"line":30,"type":"binary-expr","locations":[{"start":{"line":30,"column":23},"end":{"line":30,"column":37}},{"start":{"line":31,"column":20},"end":{"line":31,"column":61}},{"start":{"line":32,"column":20},"end":{"line":32,"column":70}},{"start":{"line":33,"column":20},"end":{"line":33,"column":26}}]},"3":{"line":37,"type":"cond-expr","locations":[{"start":{"line":38,"column":14},"end":{"line":38,"column":20}},{"start":{"line":39,"column":14},"end":{"line":39,"column":20}}]},"4":{"line":41,"type":"binary-expr","locations":[{"start":{"line":41,"column":16},"end":{"line":41,"column":44}},{"start":{"line":41,"column":48},"end":{"line":41,"column":53}}]},"5":{"line":45,"type":"if","locations":[{"start":{"line":45,"column":8},"end":{"line":45,"column":8}},{"start":{"line":45,"column":8},"end":{"line":45,"column":8}}]}},"code":["/* istanbul instrument in package npmtest_java */","/*jslint","    bitwise: true,","    browser: true,","    maxerr: 8,","    maxlen: 96,","    node: true,","    nomen: true,","    regexp: true,","    stupid: true","*/","(function () {","    'use strict';","    var local;","","","","    // run shared js-env code - init-before","    (function () {","        // init local","        local = {};","        // init modeJs","        local.modeJs = (function () {","            try {","                return typeof navigator.userAgent === 'string' &&","                    typeof document.querySelector('body') === 'object' &&","                    typeof XMLHttpRequest.prototype.open === 'function' &&","                    'browser';","            } catch (errorCaughtBrowser) {","                return module.exports &&","                    typeof process.versions.node === 'string' &&","                    typeof require('http').createServer === 'function' &&","                    'node';","            }","        }());","        // init global","        local.global = local.modeJs === 'browser'","            ? window","            : global;","        // init utility2_rollup","        local = local.global.utility2_rollup || local;","        // init lib","        local.local = local.npmtest_java = local;","        // init exports","        if (local.modeJs === 'browser') {","            local.global.utility2_npmtest_java = local;","        } else {","            module.exports = local;","            module.exports.__dirname = __dirname;","            module.exports.module = module;","        }","    }());","}());",""],"l":{"12":2,"14":2,"19":2,"21":2,"23":2,"24":2,"25":2,"30":1,"37":2,"41":2,"43":2,"45":2,"46":1,"48":1,"49":1,"50":1}},"/home/travis/build/npmtest/node-npmtest-java/example.js":{"path":"/home/travis/build/npmtest/node-npmtest-java/example.js","s":{"1":2,"2":2,"3":2,"4":2,"5":2,"6":2,"7":2,"8":1,"9":2,"10":2,"11":2,"12":2,"13":1,"14":2,"15":2,"16":2,"17":2,"18":2,"19":0,"20":2,"21":1,"22":1,"23":1,"24":1,"25":1,"26":0,"27":0,"28":1,"29":1,"30":2,"31":0,"32":0,"33":0,"34":1,"35":2,"36":2,"37":3,"38":3,"39":3,"40":3,"41":0,"42":3,"43":3,"44":3,"45":1,"46":3,"47":1,"48":1,"49":1,"50":1,"51":1,"52":1,"53":1,"54":1,"55":1,"56":1,"57":0,"58":1,"59":6,"60":6,"61":1,"62":2,"63":0,"64":2,"65":1,"66":1,"67":0,"68":0,"69":0,"70":0,"71":0,"72":0,"73":0,"74":0,"75":0,"76":0,"77":0,"78":0,"79":0,"80":0,"81":0,"82":0,"83":0},"b":{"1":[2,1,1,1],"2":[1,1,1,1],"3":[1,1],"4":[2,2],"5":[1,1],"6":[1,1],"7":[2,0],"8":[2,1,1,1,1,1],"9":[0,2,0],"10":[1,1],"11":[2,1,1],"12":[1,0],"13":[0,2],"14":[2,0,0,0,0,0,0],"15":[0,3],"16":[3,0],"17":[1,1],"18":[0,1],"19":[1,2,0,2],"20":[1,0],"21":[1,1],"22":[0,0],"23":[0,0],"24":[0,0],"25":[0,0],"26":[0,0],"27":[0,0],"28":[0,0]},"f":{"1":2,"2":2,"3":2,"4":2,"5":2,"6":2,"7":3,"8":3,"9":3,"10":1,"11":6,"12":0},"fnMap":{"1":{"name":"(anonymous_1)","line":26,"loc":{"start":{"line":26,"column":1},"end":{"line":26,"column":13}}},"2":{"name":"(anonymous_2)","line":33,"loc":{"start":{"line":33,"column":5},"end":{"line":33,"column":17}}},"3":{"name":"(anonymous_3)","line":37,"loc":{"start":{"line":37,"column":24},"end":{"line":37,"column":36}}},"4":{"name":"(anonymous_4)","line":69,"loc":{"start":{"line":69,"column":31},"end":{"line":69,"column":48}},"skip":true},"5":{"name":"(anonymous_5)","line":78,"loc":{"start":{"line":78,"column":26},"end":{"line":78,"column":45}},"skip":true},"6":{"name":"(anonymous_6)","line":123,"loc":{"start":{"line":123,"column":33},"end":{"line":123,"column":48}},"skip":true},"7":{"name":"(anonymous_7)","line":125,"loc":{"start":{"line":125,"column":27},"end":{"line":125,"column":39}},"skip":true},"8":{"name":"(anonymous_8)","line":133,"loc":{"start":{"line":133,"column":59},"end":{"line":133,"column":74}},"skip":true},"9":{"name":"(anonymous_9)","line":143,"loc":{"start":{"line":143,"column":45},"end":{"line":143,"column":62}},"skip":true},"10":{"name":"(anonymous_10)","line":144,"loc":{"start":{"line":144,"column":73},"end":{"line":144,"column":92}},"skip":true},"11":{"name":"(anonymous_11)","line":272,"loc":{"start":{"line":272,"column":51},"end":{"line":272,"column":77}},"skip":true},"12":{"name":"(anonymous_12)","line":315,"loc":{"start":{"line":315,"column":32},"end":{"line":315,"column":61}},"skip":true}},"statementMap":{"1":{"start":{"line":26,"column":0},"end":{"line":326,"column":5}},"2":{"start":{"line":28,"column":4},"end":{"line":28,"column":14}},"3":{"start":{"line":33,"column":4},"end":{"line":60,"column":9}},"4":{"start":{"line":35,"column":8},"end":{"line":35,"column":19}},"5":{"start":{"line":37,"column":8},"end":{"line":49,"column":13}},"6":{"start":{"line":38,"column":12},"end":{"line":48,"column":13}},"7":{"start":{"line":39,"column":16},"end":{"line":42,"column":30}},"8":{"start":{"line":44,"column":16},"end":{"line":47,"column":27}},"9":{"start":{"line":51,"column":8},"end":{"line":53,"column":21}},"10":{"start":{"line":55,"column":8},"end":{"line":57,"column":45}},"11":{"start":{"line":59,"column":8},"end":{"line":59,"column":35}},"12":{"start":{"line":61,"column":4},"end":{"line":325,"column":5}},"13":{"start":{"line":69,"column":8},"end":{"line":121,"column":10},"skip":true},"14":{"start":{"line":70,"column":12},"end":{"line":88,"column":13},"skip":true},"15":{"start":{"line":76,"column":16},"end":{"line":87,"column":19},"skip":true},"16":{"start":{"line":79,"column":20},"end":{"line":86,"column":21},"skip":true},"17":{"start":{"line":82,"column":24},"end":{"line":82,"column":43},"skip":true},"18":{"start":{"line":83,"column":24},"end":{"line":83,"column":30},"skip":true},"19":{"start":{"line":85,"column":24},"end":{"line":85,"column":49},"skip":true},"20":{"start":{"line":89,"column":12},"end":{"line":107,"column":13},"skip":true},"21":{"start":{"line":92,"column":16},"end":{"line":102,"column":17},"skip":true},"22":{"start":{"line":93,"column":20},"end":{"line":93,"column":86},"skip":true},"23":{"start":{"line":94,"column":20},"end":{"line":95,"column":45},"skip":true},"24":{"start":{"line":96,"column":20},"end":{"line":96,"column":42},"skip":true},"25":{"start":{"line":97,"column":20},"end":{"line":97,"column":48},"skip":true},"26":{"start":{"line":100,"column":20},"end":{"line":100,"column":85},"skip":true},"27":{"start":{"line":101,"column":20},"end":{"line":101,"column":96},"skip":true},"28":{"start":{"line":103,"column":16},"end":{"line":103,"column":22},"skip":true},"29":{"start":{"line":106,"column":16},"end":{"line":106,"column":22},"skip":true},"30":{"start":{"line":108,"column":12},"end":{"line":120,"column":13},"skip":true},"31":{"start":{"line":114,"column":16},"end":{"line":119,"column":17},"skip":true},"32":{"start":{"line":116,"column":20},"end":{"line":116,"column":78},"skip":true},"33":{"start":{"line":118,"column":20},"end":{"line":118,"column":47},"skip":true},"34":{"start":{"line":123,"column":8},"end":{"line":141,"column":11},"skip":true},"35":{"start":{"line":124,"column":12},"end":{"line":124,"column":54},"skip":true},"36":{"start":{"line":125,"column":12},"end":{"line":140,"column":14},"skip":true},"37":{"start":{"line":126,"column":16},"end":{"line":126,"column":28},"skip":true},"38":{"start":{"line":127,"column":16},"end":{"line":127,"column":69},"skip":true},"39":{"start":{"line":128,"column":16},"end":{"line":128,"column":75},"skip":true},"40":{"start":{"line":129,"column":16},"end":{"line":131,"column":17},"skip":true},"41":{"start":{"line":130,"column":20},"end":{"line":130,"column":27},"skip":true},"42":{"start":{"line":133,"column":16},"end":{"line":137,"column":36},"skip":true},"43":{"start":{"line":134,"column":20},"end":{"line":136,"column":55},"skip":true},"44":{"start":{"line":139,"column":16},"end":{"line":139,"column":57},"skip":true},"45":{"start":{"line":143,"column":8},"end":{"line":147,"column":11},"skip":true},"46":{"start":{"line":144,"column":12},"end":{"line":146,"column":15},"skip":true},"47":{"start":{"line":145,"column":16},"end":{"line":145,"column":70},"skip":true},"48":{"start":{"line":149,"column":8},"end":{"line":149,"column":31},"skip":true},"49":{"start":{"line":150,"column":8},"end":{"line":150,"column":14},"skip":true},"50":{"start":{"line":158,"column":8},"end":{"line":158,"column":31},"skip":true},"51":{"start":{"line":160,"column":8},"end":{"line":160,"column":33},"skip":true},"52":{"start":{"line":161,"column":8},"end":{"line":161,"column":37},"skip":true},"53":{"start":{"line":162,"column":8},"end":{"line":162,"column":35},"skip":true},"54":{"start":{"line":164,"column":8},"end":{"line":164,"column":50},"skip":true},"55":{"start":{"line":166,"column":8},"end":{"line":256,"column":2},"skip":true},"56":{"start":{"line":258,"column":8},"end":{"line":286,"column":9},"skip":true},"57":{"start":{"line":259,"column":12},"end":{"line":269,"column":14},"skip":true},"58":{"start":{"line":271,"column":12},"end":{"line":285,"column":19},"skip":true},"59":{"start":{"line":274,"column":20},"end":{"line":274,"column":35},"skip":true},"60":{"start":{"line":275,"column":20},"end":{"line":284,"column":21},"skip":true},"61":{"start":{"line":277,"column":24},"end":{"line":277,"column":64},"skip":true},"62":{"start":{"line":279,"column":24},"end":{"line":279,"column":40},"skip":true},"63":{"start":{"line":281,"column":24},"end":{"line":281,"column":40},"skip":true},"64":{"start":{"line":283,"column":24},"end":{"line":283,"column":39},"skip":true},"65":{"start":{"line":288,"column":8},"end":{"line":290,"column":9},"skip":true},"66":{"start":{"line":289,"column":12},"end":{"line":289,"column":18},"skip":true},"67":{"start":{"line":291,"column":8},"end":{"line":293,"column":54},"skip":true},"68":{"start":{"line":296,"column":8},"end":{"line":301,"column":37},"skip":true},"69":{"start":{"line":303,"column":8},"end":{"line":303,"column":82},"skip":true},"70":{"start":{"line":306,"column":8},"end":{"line":308,"column":9},"skip":true},"71":{"start":{"line":307,"column":12},"end":{"line":307,"column":82},"skip":true},"72":{"start":{"line":310,"column":8},"end":{"line":312,"column":9},"skip":true},"73":{"start":{"line":311,"column":12},"end":{"line":311,"column":18},"skip":true},"74":{"start":{"line":313,"column":8},"end":{"line":313,"column":54},"skip":true},"75":{"start":{"line":314,"column":8},"end":{"line":314,"column":69},"skip":true},"76":{"start":{"line":315,"column":8},"end":{"line":323,"column":36},"skip":true},"77":{"start":{"line":316,"column":12},"end":{"line":316,"column":61},"skip":true},"78":{"start":{"line":317,"column":12},"end":{"line":320,"column":13},"skip":true},"79":{"start":{"line":318,"column":16},"end":{"line":318,"column":75},"skip":true},"80":{"start":{"line":319,"column":16},"end":{"line":319,"column":23},"skip":true},"81":{"start":{"line":321,"column":12},"end":{"line":321,"column":38},"skip":true},"82":{"start":{"line":322,"column":12},"end":{"line":322,"column":27},"skip":true},"83":{"start":{"line":324,"column":8},"end":{"line":324,"column":14},"skip":true}},"branchMap":{"1":{"line":39,"type":"binary-expr","locations":[{"start":{"line":39,"column":23},"end":{"line":39,"column":62}},{"start":{"line":40,"column":20},"end":{"line":40,"column":70}},{"start":{"line":41,"column":20},"end":{"line":41,"column":71}},{"start":{"line":42,"column":20},"end":{"line":42,"column":29}}]},"2":{"line":44,"type":"binary-expr","locations":[{"start":{"line":44,"column":23},"end":{"line":44,"column":37}},{"start":{"line":45,"column":20},"end":{"line":45,"column":61}},{"start":{"line":46,"column":20},"end":{"line":46,"column":70}},{"start":{"line":47,"column":20},"end":{"line":47,"column":26}}]},"3":{"line":51,"type":"cond-expr","locations":[{"start":{"line":52,"column":14},"end":{"line":52,"column":20}},{"start":{"line":53,"column":14},"end":{"line":53,"column":20}}]},"4":{"line":55,"type":"binary-expr","locations":[{"start":{"line":55,"column":16},"end":{"line":55,"column":44}},{"start":{"line":55,"column":49},"end":{"line":57,"column":43}}]},"5":{"line":55,"type":"cond-expr","locations":[{"start":{"line":56,"column":14},"end":{"line":56,"column":48}},{"start":{"line":57,"column":14},"end":{"line":57,"column":43}}]},"6":{"line":61,"type":"switch","locations":[{"start":{"line":68,"column":4},"end":{"line":150,"column":14},"skip":true},{"start":{"line":156,"column":4},"end":{"line":324,"column":14},"skip":true}]},"7":{"line":70,"type":"if","locations":[{"start":{"line":70,"column":12},"end":{"line":70,"column":12},"skip":true},{"start":{"line":70,"column":12},"end":{"line":70,"column":12},"skip":true}]},"8":{"line":70,"type":"binary-expr","locations":[{"start":{"line":70,"column":16},"end":{"line":70,"column":22},"skip":true},{"start":{"line":70,"column":27},"end":{"line":70,"column":32},"skip":true},{"start":{"line":71,"column":20},"end":{"line":71,"column":39},"skip":true},{"start":{"line":72,"column":20},"end":{"line":72,"column":49},"skip":true},{"start":{"line":73,"column":20},"end":{"line":73,"column":58},"skip":true},{"start":{"line":74,"column":20},"end":{"line":74,"column":69},"skip":true}]},"9":{"line":79,"type":"switch","locations":[{"start":{"line":80,"column":20},"end":{"line":80,"column":33},"skip":true},{"start":{"line":81,"column":20},"end":{"line":83,"column":30},"skip":true},{"start":{"line":84,"column":20},"end":{"line":85,"column":49},"skip":true}]},"10":{"line":89,"type":"switch","locations":[{"start":{"line":90,"column":12},"end":{"line":103,"column":22},"skip":true},{"start":{"line":105,"column":12},"end":{"line":106,"column":22},"skip":true}]},"11":{"line":89,"type":"binary-expr","locations":[{"start":{"line":89,"column":20},"end":{"line":89,"column":25},"skip":true},{"start":{"line":89,"column":29},"end":{"line":89,"column":48},"skip":true},{"start":{"line":89,"column":52},"end":{"line":89,"column":74},"skip":true}]},"12":{"line":92,"type":"if","locations":[{"start":{"line":92,"column":16},"end":{"line":92,"column":16},"skip":true},{"start":{"line":92,"column":16},"end":{"line":92,"column":16},"skip":true}]},"13":{"line":108,"type":"if","locations":[{"start":{"line":108,"column":12},"end":{"line":108,"column":12},"skip":true},{"start":{"line":108,"column":12},"end":{"line":108,"column":12},"skip":true}]},"14":{"line":108,"type":"binary-expr","locations":[{"start":{"line":108,"column":16},"end":{"line":108,"column":61},"skip":true},{"start":{"line":108,"column":66},"end":{"line":108,"column":72},"skip":true},{"start":{"line":108,"column":77},"end":{"line":108,"column":82},"skip":true},{"start":{"line":109,"column":20},"end":{"line":109,"column":39},"skip":true},{"start":{"line":110,"column":20},"end":{"line":110,"column":49},"skip":true},{"start":{"line":111,"column":20},"end":{"line":111,"column":58},"skip":true},{"start":{"line":112,"column":20},"end":{"line":112,"column":68},"skip":true}]},"15":{"line":129,"type":"if","locations":[{"start":{"line":129,"column":16},"end":{"line":129,"column":16},"skip":true},{"start":{"line":129,"column":16},"end":{"line":129,"column":16},"skip":true}]},"16":{"line":134,"type":"cond-expr","locations":[{"start":{"line":135,"column":26},"end":{"line":135,"column":29},"skip":true},{"start":{"line":136,"column":26},"end":{"line":136,"column":54},"skip":true}]},"17":{"line":164,"type":"binary-expr","locations":[{"start":{"line":164,"column":27},"end":{"line":164,"column":43},"skip":true},{"start":{"line":164,"column":47},"end":{"line":164,"column":49},"skip":true}]},"18":{"line":258,"type":"if","locations":[{"start":{"line":258,"column":8},"end":{"line":258,"column":8},"skip":true},{"start":{"line":258,"column":8},"end":{"line":258,"column":8},"skip":true}]},"19":{"line":275,"type":"switch","locations":[{"start":{"line":276,"column":20},"end":{"line":277,"column":64},"skip":true},{"start":{"line":278,"column":20},"end":{"line":279,"column":40},"skip":true},{"start":{"line":280,"column":20},"end":{"line":281,"column":40},"skip":true},{"start":{"line":282,"column":20},"end":{"line":283,"column":39},"skip":true}]},"20":{"line":288,"type":"if","locations":[{"start":{"line":288,"column":8},"end":{"line":288,"column":8},"skip":true},{"start":{"line":288,"column":8},"end":{"line":288,"column":8},"skip":true}]},"21":{"line":288,"type":"binary-expr","locations":[{"start":{"line":288,"column":12},"end":{"line":288,"column":40},"skip":true},{"start":{"line":288,"column":44},"end":{"line":288,"column":67},"skip":true}]},"22":{"line":292,"type":"binary-expr","locations":[{"start":{"line":292,"column":12},"end":{"line":292,"column":50},"skip":true},{"start":{"line":293,"column":12},"end":{"line":293,"column":53},"skip":true}]},"23":{"line":297,"type":"binary-expr","locations":[{"start":{"line":297,"column":12},"end":{"line":297,"column":62},"skip":true},{"start":{"line":298,"column":12},"end":{"line":301,"column":36},"skip":true}]},"24":{"line":303,"type":"binary-expr","locations":[{"start":{"line":303,"column":43},"end":{"line":303,"column":75},"skip":true},{"start":{"line":303,"column":79},"end":{"line":303,"column":81},"skip":true}]},"25":{"line":306,"type":"if","locations":[{"start":{"line":306,"column":8},"end":{"line":306,"column":8},"skip":true},{"start":{"line":306,"column":8},"end":{"line":306,"column":8},"skip":true}]},"26":{"line":310,"type":"if","locations":[{"start":{"line":310,"column":8},"end":{"line":310,"column":8},"skip":true},{"start":{"line":310,"column":8},"end":{"line":310,"column":8},"skip":true}]},"27":{"line":313,"type":"binary-expr","locations":[{"start":{"line":313,"column":27},"end":{"line":313,"column":43},"skip":true},{"start":{"line":313,"column":47},"end":{"line":313,"column":53},"skip":true}]},"28":{"line":317,"type":"if","locations":[{"start":{"line":317,"column":12},"end":{"line":317,"column":12},"skip":true},{"start":{"line":317,"column":12},"end":{"line":317,"column":12},"skip":true}]}},"code":["/*","example.js","","quickstart example","","instruction","    1. save this script as example.js","    2. run the shell command:","        $ npm install npmtest-java && PORT=8081 node example.js","    3. play with the browser-demo on http://127.0.0.1:8081","*/","","","","/* istanbul instrument in package npmtest_java */","/*jslint","    bitwise: true,","    browser: true,","    maxerr: 8,","    maxlen: 96,","    node: true,","    nomen: true,","    regexp: true,","    stupid: true","*/","(function () {","    'use strict';","    var local;","","","","    // run shared js-env code - init-before","    (function () {","        // init local","        local = {};","        // init modeJs","        local.modeJs = (function () {","            try {","                return typeof navigator.userAgent === 'string' &&","                    typeof document.querySelector('body') === 'object' &&","                    typeof XMLHttpRequest.prototype.open === 'function' &&","                    'browser';","            } catch (errorCaughtBrowser) {","                return module.exports &&","                    typeof process.versions.node === 'string' &&","                    typeof require('http').createServer === 'function' &&","                    'node';","            }","        }());","        // init global","        local.global = local.modeJs === 'browser'","            ? window","            : global;","        // init utility2_rollup","        local = local.global.utility2_rollup || (local.modeJs === 'browser'","            ? local.global.utility2_npmtest_java","            : global.utility2_moduleExports);","        // export local","        local.global.local = local;","    }());","    switch (local.modeJs) {","","","","    // init-after","    // run browser js-env code - init-after","    /* istanbul ignore next */","    case 'browser':","        local.testRunBrowser = function (event) {","            if (!event || (event &&","                    event.currentTarget &&","                    event.currentTarget.className &&","                    event.currentTarget.className.includes &&","                    event.currentTarget.className.includes('onreset'))) {","                // reset output","                Array.from(","                    document.querySelectorAll('body > .resettable')","                ).forEach(function (element) {","                    switch (element.tagName) {","                    case 'INPUT':","                    case 'TEXTAREA':","                        element.value = '';","                        break;","                    default:","                        element.textContent = '';","                    }","                });","            }","            switch (event && event.currentTarget && event.currentTarget.id) {","            case 'testRunButton1':","                // show tests","                if (document.querySelector('#testReportDiv1').style.display === 'none') {","                    document.querySelector('#testReportDiv1').style.display = 'block';","                    document.querySelector('#testRunButton1').textContent =","                        'hide internal test';","                    local.modeTest = true;","                    local.testRunDefault(local);","                // hide tests","                } else {","                    document.querySelector('#testReportDiv1').style.display = 'none';","                    document.querySelector('#testRunButton1').textContent = 'run internal test';","                }","                break;","            // custom-case","            default:","                break;","            }","            if (document.querySelector('#inputTextareaEval1') && (!event || (event &&","                    event.currentTarget &&","                    event.currentTarget.className &&","                    event.currentTarget.className.includes &&","                    event.currentTarget.className.includes('oneval')))) {","                // try to eval input-code","                try {","                    /*jslint evil: true*/","                    eval(document.querySelector('#inputTextareaEval1').value);","                } catch (errorCaught) {","                    console.error(errorCaught);","                }","            }","        };","        // log stderr and stdout to #outputTextareaStdout1","        ['error', 'log'].forEach(function (key) {","            console[key + '_original'] = console[key];","            console[key] = function () {","                var element;","                console[key + '_original'].apply(console, arguments);","                element = document.querySelector('#outputTextareaStdout1');","                if (!element) {","                    return;","                }","                // append text to #outputTextareaStdout1","                element.value += Array.from(arguments).map(function (arg) {","                    return typeof arg === 'string'","                        ? arg","                        : JSON.stringify(arg, null, 4);","                }).join(' ') + '\\n';","                // scroll textarea to bottom","                element.scrollTop = element.scrollHeight;","            };","        });","        // init event-handling","        ['change', 'click', 'keyup'].forEach(function (event) {","            Array.from(document.querySelectorAll('.on' + event)).forEach(function (element) {","                element.addEventListener(event, local.testRunBrowser);","            });","        });","        // run tests","        local.testRunBrowser();","        break;","","","","    // run node js-env code - init-after","    /* istanbul ignore next */","    case 'node':","        // export local","        module.exports = local;","        // require modules","        local.fs = require('fs');","        local.http = require('http');","        local.url = require('url');","        // init assets","        local.assetsDict = local.assetsDict || {};","        /* jslint-ignore-begin */","        local.assetsDict['/assets.index.template.html'] = '\\","<!doctype html>\\n\\","<html lang=\"en\">\\n\\","<head>\\n\\","<meta charset=\"UTF-8\">\\n\\","<meta name=\"viewport\" content=\"width=device-width, initial-scale=1\">\\n\\","<title>{{env.npm_package_name}} (v{{env.npm_package_version}})</title>\\n\\","<style>\\n\\","/*csslint\\n\\","    box-sizing: false,\\n\\","    universal-selector: false\\n\\","*/\\n\\","* {\\n\\","    box-sizing: border-box;\\n\\","}\\n\\","body {\\n\\","    background: #dde;\\n\\","    font-family: Arial, Helvetica, sans-serif;\\n\\","    margin: 2rem;\\n\\","}\\n\\","body > * {\\n\\","    margin-bottom: 1rem;\\n\\","}\\n\\",".utility2FooterDiv {\\n\\","    margin-top: 20px;\\n\\","    text-align: center;\\n\\","}\\n\\","</style>\\n\\","<style>\\n\\","/*csslint\\n\\","*/\\n\\","textarea {\\n\\","    font-family: monospace;\\n\\","    height: 10rem;\\n\\","    width: 100%;\\n\\","}\\n\\","textarea[readonly] {\\n\\","    background: #ddd;\\n\\","}\\n\\","</style>\\n\\","</head>\\n\\","<body>\\n\\","<!-- utility2-comment\\n\\","<div id=\"ajaxProgressDiv1\" style=\"background: #d00; height: 2px; left: 0; margin: 0; padding: 0; position: fixed; top: 0; transition: background 0.5s, width 1.5s; width: 25%;\"></div>\\n\\","utility2-comment -->\\n\\","<h1>\\n\\","<!-- utility2-comment\\n\\","    <a\\n\\","        {{#if env.npm_package_homepage}}\\n\\","        href=\"{{env.npm_package_homepage}}\"\\n\\","        {{/if env.npm_package_homepage}}\\n\\","        target=\"_blank\"\\n\\","    >\\n\\","utility2-comment -->\\n\\","        {{env.npm_package_name}} (v{{env.npm_package_version}})\\n\\","<!-- utility2-comment\\n\\","    </a>\\n\\","utility2-comment -->\\n\\","</h1>\\n\\","<h3>{{env.npm_package_description}}</h3>\\n\\","<!-- utility2-comment\\n\\","<h4><a download href=\"assets.app.js\">download standalone app</a></h4>\\n\\","<button class=\"onclick onreset\" id=\"testRunButton1\">run internal test</button><br>\\n\\","<div id=\"testReportDiv1\" style=\"display: none;\"></div>\\n\\","utility2-comment -->\\n\\","\\n\\","\\n\\","\\n\\","<label>stderr and stdout</label>\\n\\","<textarea class=\"resettable\" id=\"outputTextareaStdout1\" readonly></textarea>\\n\\","<!-- utility2-comment\\n\\","{{#if isRollup}}\\n\\","<script src=\"assets.app.js\"></script>\\n\\","{{#unless isRollup}}\\n\\","utility2-comment -->\\n\\","<script src=\"assets.utility2.rollup.js\"></script>\\n\\","<script src=\"jsonp.utility2._stateInit?callback=window.utility2._stateInit\"></script>\\n\\","<script src=\"assets.npmtest_java.rollup.js\"></script>\\n\\","<script src=\"assets.example.js\"></script>\\n\\","<script src=\"assets.test.js\"></script>\\n\\","<!-- utility2-comment\\n\\","{{/if isRollup}}\\n\\","utility2-comment -->\\n\\","<div class=\"utility2FooterDiv\">\\n\\","    [ this app was created with\\n\\","    <a href=\"https://github.com/kaizhu256/node-utility2\" target=\"_blank\">utility2</a>\\n\\","    ]\\n\\","</div>\\n\\","</body>\\n\\","</html>\\n\\","';","        /* jslint-ignore-end */","        if (local.templateRender) {","            local.assetsDict['/'] = local.templateRender(","                local.assetsDict['/assets.index.template.html'],","                {","                    env: local.objectSetDefault(local.env, {","                        npm_package_description: 'the greatest app in the world!',","                        npm_package_name: 'my-app',","                        npm_package_nameAlias: 'my_app',","                        npm_package_version: '0.0.1'","                    })","                }","            );","        } else {","            local.assetsDict['/'] = local.assetsDict['/assets.index.template.html']","                .replace((/\\{\\{env\\.(\\w+?)\\}\\}/g), function (match0, match1) {","                    // jslint-hack","                    String(match0);","                    switch (match1) {","                    case 'npm_package_description':","                        return 'the greatest app in the world!';","                    case 'npm_package_name':","                        return 'my-app';","                    case 'npm_package_nameAlias':","                        return 'my_app';","                    case 'npm_package_version':","                        return '0.0.1';","                    }","                });","        }","        // run the cli","        if (local.global.utility2_rollup || module !== require.main) {","            break;","        }","        local.assetsDict['/assets.example.js'] =","            local.assetsDict['/assets.example.js'] ||","            local.fs.readFileSync(__filename, 'utf8');","        // bug-workaround - long $npm_package_buildCustomOrg","        /* jslint-ignore-begin */","        local.assetsDict['/assets.npmtest_java.rollup.js'] =","            local.assetsDict['/assets.npmtest_java.rollup.js'] ||","            local.fs.readFileSync(","                local.npmtest_java.__dirname + '/lib.npmtest_java.js',","                'utf8'","            ).replace((/^#!/), '//');","        /* jslint-ignore-end */","        local.assetsDict['/favicon.ico'] = local.assetsDict['/favicon.ico'] || '';","        // if $npm_config_timeout_exit exists,","        // then exit this process after $npm_config_timeout_exit ms","        if (Number(process.env.npm_config_timeout_exit)) {","            setTimeout(process.exit, Number(process.env.npm_config_timeout_exit));","        }","        // start server","        if (local.global.utility2_serverHttp1) {","            break;","        }","        process.env.PORT = process.env.PORT || '8081';","        console.error('server starting on port ' + process.env.PORT);","        local.http.createServer(function (request, response) {","            request.urlParsed = local.url.parse(request.url);","            if (local.assetsDict[request.urlParsed.pathname] !== undefined) {","                response.end(local.assetsDict[request.urlParsed.pathname]);","                return;","            }","            response.statusCode = 404;","            response.end();","        }).listen(process.env.PORT);","        break;","    }","}());",""],"l":{"26":2,"28":2,"33":2,"35":2,"37":2,"38":2,"39":2,"44":1,"51":2,"55":2,"59":2,"61":2,"69":1,"70":2,"76":2,"79":2,"82":2,"83":2,"85":1,"89":2,"92":1,"93":1,"94":1,"96":1,"97":1,"100":1,"101":1,"103":1,"106":1,"108":2,"114":1,"116":1,"118":1,"123":1,"124":2,"125":2,"126":3,"127":3,"128":3,"129":3,"130":1,"133":3,"134":3,"139":3,"143":1,"144":3,"145":1,"149":1,"150":1,"158":1,"160":1,"161":1,"162":1,"164":1,"166":1,"258":1,"259":1,"271":1,"274":6,"275":6,"277":1,"279":2,"281":1,"283":2,"288":1,"289":1,"291":1,"296":1,"303":1,"306":1,"307":1,"310":1,"311":1,"313":1,"314":1,"315":1,"316":1,"317":1,"318":1,"319":1,"321":1,"322":1,"324":1}},"/home/travis/build/npmtest/node-npmtest-java/node_modules/java/index.js":{"path":"/home/travis/build/npmtest/node-npmtest-java/node_modules/java/index.js","s":{"1":1},"b":{},"f":{},"fnMap":{},"statementMap":{"1":{"start":{"line":2,"column":0},"end":{"line":2,"column":49}}},"branchMap":{},"code":["","module.exports = require(\"./lib/nodeJavaBridge\");",""],"l":{"2":1}},"/home/travis/build/npmtest/node-npmtest-java/node_modules/java/lib/nodeJavaBridge.js":{"path":"/home/travis/build/npmtest/node-npmtest-java/node_modules/java/lib/nodeJavaBridge.js","s":{"1":1,"2":1,"3":1,"4":1,"5":1,"6":1,"7":1,"8":1,"9":0,"10":0,"11":1,"12":1,"13":1,"14":1,"15":1,"16":1,"17":1,"18":0,"19":0,"20":1,"21":1,"22":1,"23":1,"24":1,"25":0,"26":0,"27":0,"28":0,"29":0,"30":0,"31":1,"32":0,"33":1,"34":1,"35":0,"36":0,"37":0,"38":0,"39":0,"40":0,"41":0,"42":0,"43":0,"44":0,"45":1,"46":0,"47":0,"48":0,"49":1,"50":1,"51":0,"52":0,"53":0,"54":0,"55":0,"56":0,"57":0,"58":0,"59":0,"60":0,"61":1,"62":0,"63":0,"64":1,"65":1,"66":0,"67":0,"68":0,"69":0,"70":0,"71":0,"72":0,"73":0,"74":0,"75":0,"76":1,"77":0,"78":1,"79":0,"80":0,"81":0,"82":0,"83":0,"84":0,"85":0,"86":0,"87":1,"88":0,"89":0,"90":0,"91":0,"92":0,"93":0,"94":0,"95":0,"96":0,"97":0,"98":0,"99":0,"100":0,"101":0,"102":0,"103":0,"104":0,"105":1,"106":1,"107":1,"108":0,"109":0,"110":0,"111":0,"112":1,"113":0,"114":0,"115":0,"116":1,"117":0,"118":0,"119":0,"120":0,"121":0,"122":0,"123":0,"124":0,"125":0,"126":0,"127":0,"128":0,"129":0,"130":0,"131":0,"132":0,"133":0,"134":0,"135":0,"136":0,"137":0,"138":0,"139":0,"140":0,"141":0,"142":0,"143":0,"144":0,"145":0,"146":0,"147":0,"148":0,"149":0,"150":0,"151":0,"152":0,"153":0,"154":0,"155":0,"156":0,"157":0,"158":0,"159":0,"160":0,"161":0,"162":0,"163":0,"164":0,"165":0,"166":0,"167":0},"b":{"1":[0,0],"2":[1,1],"3":[1,0],"4":[0,0],"5":[0,0],"6":[0,0],"7":[0,0],"8":[0,0],"9":[0,0],"10":[0,0],"11":[0,0],"12":[0,0],"13":[0,0],"14":[0,0],"15":[0,0],"16":[0,0],"17":[0,0,0],"18":[0,0],"19":[0,0],"20":[0,0],"21":[0,0],"22":[0,0],"23":[0,0],"24":[0,0],"25":[0,0],"26":[0,0],"27":[0,0],"28":[0,0],"29":[0,0],"30":[0,0],"31":[0,0],"32":[0,0],"33":[0,0],"34":[0,0],"35":[0,0],"36":[0,0],"37":[0,0],"38":[0,0],"39":[0,0],"40":[0,0],"41":[0,0],"42":[0,0],"43":[0,0],"44":[0,0]},"f":{"1":0,"2":0,"3":0,"4":0,"5":0,"6":0,"7":0,"8":0,"9":0,"10":0,"11":0,"12":0,"13":0,"14":0,"15":0,"16":0,"17":0,"18":0,"19":0,"20":0,"21":0,"22":0,"23":0,"24":0,"25":0,"26":0,"27":0,"28":0,"29":0,"30":0},"fnMap":{"1":{"name":"(anonymous_1)","line":26,"loc":{"start":{"line":26,"column":25},"end":{"line":26,"column":39}}},"2":{"name":"(anonymous_2)","line":27,"loc":{"start":{"line":27,"column":30},"end":{"line":27,"column":45}}},"3":{"name":"(anonymous_3)","line":37,"loc":{"start":{"line":37,"column":15},"end":{"line":37,"column":37}}},"4":{"name":"(anonymous_4)","line":47,"loc":{"start":{"line":47,"column":20},"end":{"line":47,"column":31}}},"5":{"name":"(anonymous_5)","line":63,"loc":{"start":{"line":63,"column":22},"end":{"line":63,"column":46}}},"6":{"name":"(anonymous_6)","line":69,"loc":{"start":{"line":69,"column":4},"end":{"line":69,"column":17}}},"7":{"name":"(anonymous_7)","line":73,"loc":{"start":{"line":73,"column":4},"end":{"line":73,"column":17}}},"8":{"name":"(anonymous_8)","line":82,"loc":{"start":{"line":82,"column":23},"end":{"line":82,"column":49}}},"9":{"name":"runBeforeHooks","line":89,"loc":{"start":{"line":89,"column":0},"end":{"line":89,"column":30}}},"10":{"name":"iterator","line":90,"loc":{"start":{"line":90,"column":2},"end":{"line":90,"column":32}}},"11":{"name":"(anonymous_11)","line":96,"loc":{"start":{"line":96,"column":30},"end":{"line":96,"column":48}}},"12":{"name":"(anonymous_12)","line":96,"loc":{"start":{"line":96,"column":59},"end":{"line":96,"column":73}}},"13":{"name":"createJVMAsync","line":109,"loc":{"start":{"line":109,"column":0},"end":{"line":109,"column":34}}},"14":{"name":"runAfterHooks","line":114,"loc":{"start":{"line":114,"column":0},"end":{"line":114,"column":29}}},"15":{"name":"iterator","line":115,"loc":{"start":{"line":115,"column":2},"end":{"line":115,"column":32}}},"16":{"name":"(anonymous_16)","line":121,"loc":{"start":{"line":121,"column":29},"end":{"line":121,"column":47}}},"17":{"name":"(anonymous_17)","line":121,"loc":{"start":{"line":121,"column":58},"end":{"line":121,"column":72}}},"18":{"name":"initializeAll","line":134,"loc":{"start":{"line":134,"column":0},"end":{"line":134,"column":29}}},"19":{"name":"(anonymous_19)","line":147,"loc":{"start":{"line":147,"column":17},"end":{"line":147,"column":36}}},"20":{"name":"(anonymous_20)","line":175,"loc":{"start":{"line":175,"column":20},"end":{"line":175,"column":31}}},"21":{"name":"(anonymous_21)","line":186,"loc":{"start":{"line":186,"column":22},"end":{"line":186,"column":38}}},"22":{"name":"isWritable","line":207,"loc":{"start":{"line":207,"column":0},"end":{"line":207,"column":26}}},"23":{"name":"(anonymous_23)","line":215,"loc":{"start":{"line":215,"column":45},"end":{"line":215,"column":56}}},"24":{"name":"usableName","line":219,"loc":{"start":{"line":219,"column":0},"end":{"line":219,"column":26}}},"25":{"name":"(anonymous_25)","line":226,"loc":{"start":{"line":226,"column":14},"end":{"line":226,"column":29}}},"26":{"name":"javaClassConstructorProxy","line":228,"loc":{"start":{"line":228,"column":15},"end":{"line":228,"column":52}}},"27":{"name":"(anonymous_27)","line":247,"loc":{"start":{"line":247,"column":43},"end":{"line":247,"column":69}}},"28":{"name":"(anonymous_28)","line":250,"loc":{"start":{"line":250,"column":43},"end":{"line":250,"column":74}}},"29":{"name":"(anonymous_29)","line":297,"loc":{"start":{"line":297,"column":13},"end":{"line":297,"column":53}}},"30":{"name":"(anonymous_30)","line":302,"loc":{"start":{"line":302,"column":18},"end":{"line":302,"column":30}}}},"statementMap":{"1":{"start":{"line":3,"column":0},"end":{"line":3,"column":58}},"2":{"start":{"line":5,"column":0},"end":{"line":5,"column":26}},"3":{"start":{"line":6,"column":0},"end":{"line":6,"column":29}},"4":{"start":{"line":7,"column":0},"end":{"line":7,"column":27}},"5":{"start":{"line":8,"column":0},"end":{"line":8,"column":23}},"6":{"start":{"line":9,"column":0},"end":{"line":9,"column":22}},"7":{"start":{"line":10,"column":0},"end":{"line":17,"column":1}},"8":{"start":{"line":11,"column":2},"end":{"line":14,"column":3}},"9":{"start":{"line":12,"column":4},"end":{"line":12,"column":99}},"10":{"start":{"line":13,"column":4},"end":{"line":13,"column":65}},"11":{"start":{"line":18,"column":0},"end":{"line":20,"column":1}},"12":{"start":{"line":19,"column":2},"end":{"line":19,"column":99}},"13":{"start":{"line":21,"column":0},"end":{"line":21,"column":35}},"14":{"start":{"line":23,"column":0},"end":{"line":23,"column":48}},"15":{"start":{"line":24,"column":0},"end":{"line":24,"column":79}},"16":{"start":{"line":25,"column":0},"end":{"line":25,"column":71}},"17":{"start":{"line":26,"column":0},"end":{"line":30,"column":2}},"18":{"start":{"line":27,"column":2},"end":{"line":29,"column":5}},"19":{"start":{"line":28,"column":4},"end":{"line":28,"column":49}},"20":{"start":{"line":31,"column":0},"end":{"line":31,"column":40}},"21":{"start":{"line":33,"column":0},"end":{"line":33,"column":27}},"22":{"start":{"line":34,"column":0},"end":{"line":34,"column":28}},"23":{"start":{"line":35,"column":0},"end":{"line":35,"column":27}},"24":{"start":{"line":37,"column":0},"end":{"line":45,"column":1}},"25":{"start":{"line":38,"column":2},"end":{"line":39,"column":57}},"26":{"start":{"line":39,"column":4},"end":{"line":39,"column":57}},"27":{"start":{"line":40,"column":2},"end":{"line":40,"column":43}},"28":{"start":{"line":41,"column":2},"end":{"line":44,"column":63}},"29":{"start":{"line":42,"column":4},"end":{"line":42,"column":41}},"30":{"start":{"line":44,"column":4},"end":{"line":44,"column":63}},"31":{"start":{"line":47,"column":0},"end":{"line":49,"column":1}},"32":{"start":{"line":48,"column":2},"end":{"line":48,"column":49}},"33":{"start":{"line":51,"column":0},"end":{"line":51,"column":17}},"34":{"start":{"line":63,"column":0},"end":{"line":77,"column":1}},"35":{"start":{"line":64,"column":2},"end":{"line":64,"column":22}},"36":{"start":{"line":65,"column":2},"end":{"line":67,"column":3}},"37":{"start":{"line":66,"column":4},"end":{"line":66,"column":79}},"38":{"start":{"line":68,"column":2},"end":{"line":70,"column":11}},"39":{"start":{"line":69,"column":19},"end":{"line":69,"column":28}},"40":{"start":{"line":69,"column":29},"end":{"line":69,"column":34}},"41":{"start":{"line":72,"column":2},"end":{"line":74,"column":10}},"42":{"start":{"line":73,"column":19},"end":{"line":73,"column":27}},"43":{"start":{"line":73,"column":28},"end":{"line":73,"column":33}},"44":{"start":{"line":76,"column":2},"end":{"line":76,"column":49}},"45":{"start":{"line":82,"column":0},"end":{"line":87,"column":1}},"46":{"start":{"line":83,"column":2},"end":{"line":85,"column":3}},"47":{"start":{"line":84,"column":4},"end":{"line":84,"column":79}},"48":{"start":{"line":86,"column":2},"end":{"line":86,"column":51}},"49":{"start":{"line":89,"column":0},"end":{"line":107,"column":1}},"50":{"start":{"line":90,"column":2},"end":{"line":105,"column":3}},"51":{"start":{"line":91,"column":4},"end":{"line":104,"column":5}},"52":{"start":{"line":92,"column":6},"end":{"line":100,"column":7}},"53":{"start":{"line":93,"column":8},"end":{"line":93,"column":26}},"54":{"start":{"line":95,"column":11},"end":{"line":100,"column":7}},"55":{"start":{"line":96,"column":8},"end":{"line":96,"column":87}},"56":{"start":{"line":96,"column":50},"end":{"line":96,"column":55}},"57":{"start":{"line":96,"column":75},"end":{"line":96,"column":83}},"58":{"start":{"line":99,"column":8},"end":{"line":99,"column":13}},"59":{"start":{"line":103,"column":6},"end":{"line":103,"column":14}},"60":{"start":{"line":106,"column":2},"end":{"line":106,"column":38}},"61":{"start":{"line":109,"column":0},"end":{"line":112,"column":1}},"62":{"start":{"line":110,"column":2},"end":{"line":110,"column":31}},"63":{"start":{"line":111,"column":2},"end":{"line":111,"column":13}},"64":{"start":{"line":114,"column":0},"end":{"line":132,"column":1}},"65":{"start":{"line":115,"column":2},"end":{"line":130,"column":3}},"66":{"start":{"line":116,"column":4},"end":{"line":129,"column":5}},"67":{"start":{"line":117,"column":6},"end":{"line":125,"column":7}},"68":{"start":{"line":118,"column":8},"end":{"line":118,"column":25}},"69":{"start":{"line":120,"column":11},"end":{"line":125,"column":7}},"70":{"start":{"line":121,"column":8},"end":{"line":121,"column":86}},"71":{"start":{"line":121,"column":49},"end":{"line":121,"column":54}},"72":{"start":{"line":121,"column":74},"end":{"line":121,"column":82}},"73":{"start":{"line":124,"column":8},"end":{"line":124,"column":13}},"74":{"start":{"line":128,"column":6},"end":{"line":128,"column":14}},"75":{"start":{"line":131,"column":2},"end":{"line":131,"column":38}},"76":{"start":{"line":134,"column":0},"end":{"line":136,"column":1}},"77":{"start":{"line":135,"column":2},"end":{"line":135,"column":70}},"78":{"start":{"line":147,"column":0},"end":{"line":173,"column":1}},"79":{"start":{"line":151,"column":2},"end":{"line":172,"column":3}},"80":{"start":{"line":153,"column":4},"end":{"line":153,"column":82}},"81":{"start":{"line":155,"column":4},"end":{"line":155,"column":30}},"82":{"start":{"line":159,"column":7},"end":{"line":172,"column":3}},"83":{"start":{"line":160,"column":4},"end":{"line":160,"column":95}},"84":{"start":{"line":165,"column":7},"end":{"line":172,"column":3}},"85":{"start":{"line":166,"column":4},"end":{"line":166,"column":34}},"86":{"start":{"line":171,"column":4},"end":{"line":171,"column":49}},"87":{"start":{"line":175,"column":0},"end":{"line":202,"column":1}},"88":{"start":{"line":176,"column":2},"end":{"line":201,"column":3}},"89":{"start":{"line":177,"column":4},"end":{"line":177,"column":46}},"90":{"start":{"line":178,"column":4},"end":{"line":178,"column":48}},"91":{"start":{"line":179,"column":4},"end":{"line":181,"column":5}},"92":{"start":{"line":180,"column":6},"end":{"line":180,"column":87}},"93":{"start":{"line":182,"column":4},"end":{"line":182,"column":56}},"94":{"start":{"line":183,"column":4},"end":{"line":183,"column":48}},"95":{"start":{"line":184,"column":4},"end":{"line":193,"column":5}},"96":{"start":{"line":185,"column":6},"end":{"line":185,"column":70}},"97":{"start":{"line":186,"column":6},"end":{"line":188,"column":9}},"98":{"start":{"line":187,"column":8},"end":{"line":187,"column":59}},"99":{"start":{"line":189,"column":11},"end":{"line":193,"column":5}},"100":{"start":{"line":192,"column":6},"end":{"line":192,"column":105}},"101":{"start":{"line":195,"column":4},"end":{"line":197,"column":5}},"102":{"start":{"line":196,"column":6},"end":{"line":196,"column":60}},"103":{"start":{"line":199,"column":4},"end":{"line":199,"column":24}},"104":{"start":{"line":200,"column":4},"end":{"line":200,"column":21}},"105":{"start":{"line":204,"column":0},"end":{"line":204,"column":24}},"106":{"start":{"line":205,"column":0},"end":{"line":205,"column":24}},"107":{"start":{"line":207,"column":0},"end":{"line":217,"column":1}},"108":{"start":{"line":213,"column":2},"end":{"line":213,"column":66}},"109":{"start":{"line":213,"column":51},"end":{"line":213,"column":64}},"110":{"start":{"line":215,"column":2},"end":{"line":215,"column":72}},"111":{"start":{"line":216,"column":2},"end":{"line":216,"column":65}},"112":{"start":{"line":219,"column":0},"end":{"line":224,"column":1}},"113":{"start":{"line":220,"column":2},"end":{"line":222,"column":3}},"114":{"start":{"line":221,"column":4},"end":{"line":221,"column":35}},"115":{"start":{"line":223,"column":2},"end":{"line":223,"column":14}},"116":{"start":{"line":226,"column":0},"end":{"line":314,"column":2}},"117":{"start":{"line":227,"column":2},"end":{"line":227,"column":39}},"118":{"start":{"line":228,"column":2},"end":{"line":234,"column":4}},"119":{"start":{"line":229,"column":4},"end":{"line":229,"column":22}},"120":{"start":{"line":230,"column":4},"end":{"line":232,"column":5}},"121":{"start":{"line":231,"column":6},"end":{"line":231,"column":30}},"122":{"start":{"line":233,"column":4},"end":{"line":233,"column":50}},"123":{"start":{"line":235,"column":2},"end":{"line":235,"column":8}},"124":{"start":{"line":237,"column":2},"end":{"line":237,"column":23}},"125":{"start":{"line":240,"column":2},"end":{"line":240,"column":54}},"126":{"start":{"line":241,"column":2},"end":{"line":254,"column":3}},"127":{"start":{"line":242,"column":4},"end":{"line":242,"column":58}},"128":{"start":{"line":243,"column":4},"end":{"line":253,"column":5}},"129":{"start":{"line":245,"column":6},"end":{"line":245,"column":55}},"130":{"start":{"line":246,"column":6},"end":{"line":246,"column":46}},"131":{"start":{"line":247,"column":6},"end":{"line":249,"column":37}},"132":{"start":{"line":248,"column":8},"end":{"line":248,"column":57}},"133":{"start":{"line":250,"column":6},"end":{"line":252,"column":37}},"134":{"start":{"line":251,"column":8},"end":{"line":251,"column":55}},"135":{"start":{"line":256,"column":2},"end":{"line":256,"column":28}},"136":{"start":{"line":257,"column":2},"end":{"line":257,"column":20}},"137":{"start":{"line":258,"column":2},"end":{"line":261,"column":3}},"138":{"start":{"line":259,"column":4},"end":{"line":259,"column":44}},"139":{"start":{"line":260,"column":4},"end":{"line":260,"column":52}},"140":{"start":{"line":264,"column":2},"end":{"line":264,"column":56}},"141":{"start":{"line":265,"column":2},"end":{"line":286,"column":3}},"142":{"start":{"line":266,"column":4},"end":{"line":266,"column":59}},"143":{"start":{"line":267,"column":4},"end":{"line":285,"column":5}},"144":{"start":{"line":269,"column":6},"end":{"line":269,"column":57}},"145":{"start":{"line":271,"column":6},"end":{"line":274,"column":7}},"146":{"start":{"line":272,"column":8},"end":{"line":272,"column":59}},"147":{"start":{"line":273,"column":8},"end":{"line":273,"column":82}},"148":{"start":{"line":276,"column":6},"end":{"line":279,"column":7}},"149":{"start":{"line":277,"column":8},"end":{"line":277,"column":61}},"150":{"start":{"line":278,"column":8},"end":{"line":278,"column":79}},"151":{"start":{"line":281,"column":6},"end":{"line":284,"column":7}},"152":{"start":{"line":282,"column":8},"end":{"line":282,"column":65}},"153":{"start":{"line":283,"column":8},"end":{"line":283,"column":92}},"154":{"start":{"line":289,"column":2},"end":{"line":289,"column":56}},"155":{"start":{"line":290,"column":2},"end":{"line":311,"column":3}},"156":{"start":{"line":291,"column":4},"end":{"line":291,"column":59}},"157":{"start":{"line":292,"column":4},"end":{"line":310,"column":5}},"158":{"start":{"line":294,"column":6},"end":{"line":294,"column":56}},"159":{"start":{"line":295,"column":6},"end":{"line":295,"column":63}},"160":{"start":{"line":296,"column":6},"end":{"line":309,"column":9}},"161":{"start":{"line":298,"column":10},"end":{"line":298,"column":41}},"162":{"start":{"line":301,"column":10},"end":{"line":301,"column":70}},"163":{"start":{"line":302,"column":10},"end":{"line":302,"column":58}},"164":{"start":{"line":302,"column":32},"end":{"line":302,"column":41}},"165":{"start":{"line":303,"column":10},"end":{"line":303,"column":55}},"166":{"start":{"line":305,"column":10},"end":{"line":305,"column":19}},"167":{"start":{"line":313,"column":2},"end":{"line":313,"column":16}}},"branchMap":{"1":{"line":11,"type":"if","locations":[{"start":{"line":11,"column":2},"end":{"line":11,"column":2}},{"start":{"line":11,"column":2},"end":{"line":11,"column":2}}]},"2":{"line":11,"type":"binary-expr","locations":[{"start":{"line":11,"column":5},"end":{"line":11,"column":16}},{"start":{"line":11,"column":20},"end":{"line":11,"column":109}}]},"3":{"line":18,"type":"if","locations":[{"start":{"line":18,"column":0},"end":{"line":18,"column":0}},{"start":{"line":18,"column":0},"end":{"line":18,"column":0}}]},"4":{"line":38,"type":"if","locations":[{"start":{"line":38,"column":2},"end":{"line":38,"column":2}},{"start":{"line":38,"column":2},"end":{"line":38,"column":2}}]},"5":{"line":41,"type":"if","locations":[{"start":{"line":41,"column":2},"end":{"line":41,"column":2}},{"start":{"line":41,"column":2},"end":{"line":41,"column":2}}]},"6":{"line":65,"type":"if","locations":[{"start":{"line":65,"column":2},"end":{"line":65,"column":2}},{"start":{"line":65,"column":2},"end":{"line":65,"column":2}}]},"7":{"line":68,"type":"cond-expr","locations":[{"start":{"line":69,"column":4},"end":{"line":69,"column":36}},{"start":{"line":70,"column":4},"end":{"line":70,"column":10}}]},"8":{"line":68,"type":"binary-expr","locations":[{"start":{"line":68,"column":13},"end":{"line":68,"column":19}},{"start":{"line":68,"column":23},"end":{"line":68,"column":42}}]},"9":{"line":72,"type":"cond-expr","locations":[{"start":{"line":73,"column":4},"end":{"line":73,"column":35}},{"start":{"line":74,"column":4},"end":{"line":74,"column":9}}]},"10":{"line":72,"type":"binary-expr","locations":[{"start":{"line":72,"column":12},"end":{"line":72,"column":17}},{"start":{"line":72,"column":21},"end":{"line":72,"column":39}}]},"11":{"line":83,"type":"if","locations":[{"start":{"line":83,"column":2},"end":{"line":83,"column":2}},{"start":{"line":83,"column":2},"end":{"line":83,"column":2}}]},"12":{"line":92,"type":"if","locations":[{"start":{"line":92,"column":6},"end":{"line":92,"column":6}},{"start":{"line":92,"column":6},"end":{"line":92,"column":6}}]},"13":{"line":95,"type":"if","locations":[{"start":{"line":95,"column":11},"end":{"line":95,"column":11}},{"start":{"line":95,"column":11},"end":{"line":95,"column":11}}]},"14":{"line":117,"type":"if","locations":[{"start":{"line":117,"column":6},"end":{"line":117,"column":6}},{"start":{"line":117,"column":6},"end":{"line":117,"column":6}}]},"15":{"line":120,"type":"if","locations":[{"start":{"line":120,"column":11},"end":{"line":120,"column":11}},{"start":{"line":120,"column":11},"end":{"line":120,"column":11}}]},"16":{"line":151,"type":"if","locations":[{"start":{"line":151,"column":2},"end":{"line":151,"column":2}},{"start":{"line":151,"column":2},"end":{"line":151,"column":2}}]},"17":{"line":151,"type":"binary-expr","locations":[{"start":{"line":151,"column":6},"end":{"line":151,"column":29}},{"start":{"line":151,"column":33},"end":{"line":151,"column":50}},{"start":{"line":151,"column":54},"end":{"line":151,"column":95}}]},"18":{"line":159,"type":"if","locations":[{"start":{"line":159,"column":7},"end":{"line":159,"column":7}},{"start":{"line":159,"column":7},"end":{"line":159,"column":7}}]},"19":{"line":165,"type":"if","locations":[{"start":{"line":165,"column":7},"end":{"line":165,"column":7}},{"start":{"line":165,"column":7},"end":{"line":165,"column":7}}]},"20":{"line":176,"type":"if","locations":[{"start":{"line":176,"column":2},"end":{"line":176,"column":2}},{"start":{"line":176,"column":2},"end":{"line":176,"column":2}}]},"21":{"line":179,"type":"if","locations":[{"start":{"line":179,"column":4},"end":{"line":179,"column":4}},{"start":{"line":179,"column":4},"end":{"line":179,"column":4}}]},"22":{"line":184,"type":"if","locations":[{"start":{"line":184,"column":4},"end":{"line":184,"column":4}},{"start":{"line":184,"column":4},"end":{"line":184,"column":4}}]},"23":{"line":184,"type":"binary-expr","locations":[{"start":{"line":184,"column":8},"end":{"line":184,"column":41}},{"start":{"line":184,"column":45},"end":{"line":184,"column":76}}]},"24":{"line":189,"type":"if","locations":[{"start":{"line":189,"column":11},"end":{"line":189,"column":11}},{"start":{"line":189,"column":11},"end":{"line":189,"column":11}}]},"25":{"line":189,"type":"binary-expr","locations":[{"start":{"line":189,"column":15},"end":{"line":189,"column":51}},{"start":{"line":189,"column":55},"end":{"line":189,"column":87}}]},"26":{"line":195,"type":"if","locations":[{"start":{"line":195,"column":4},"end":{"line":195,"column":4}},{"start":{"line":195,"column":4},"end":{"line":195,"column":4}}]},"27":{"line":195,"type":"binary-expr","locations":[{"start":{"line":195,"column":8},"end":{"line":195,"column":54}},{"start":{"line":195,"column":58},"end":{"line":195,"column":99}}]},"28":{"line":213,"type":"if","locations":[{"start":{"line":213,"column":2},"end":{"line":213,"column":2}},{"start":{"line":213,"column":2},"end":{"line":213,"column":2}}]},"29":{"line":213,"type":"binary-expr","locations":[{"start":{"line":213,"column":6},"end":{"line":213,"column":23}},{"start":{"line":213,"column":27},"end":{"line":213,"column":47}}]},"30":{"line":215,"type":"binary-expr","locations":[{"start":{"line":215,"column":13},"end":{"line":215,"column":65}},{"start":{"line":215,"column":69},"end":{"line":215,"column":71}}]},"31":{"line":216,"type":"binary-expr","locations":[{"start":{"line":216,"column":9},"end":{"line":216,"column":32}},{"start":{"line":216,"column":37},"end":{"line":216,"column":64}}]},"32":{"line":220,"type":"if","locations":[{"start":{"line":220,"column":2},"end":{"line":220,"column":2}},{"start":{"line":220,"column":2},"end":{"line":220,"column":2}}]},"33":{"line":243,"type":"if","locations":[{"start":{"line":243,"column":4},"end":{"line":243,"column":4}},{"start":{"line":243,"column":4},"end":{"line":243,"column":4}}]},"34":{"line":243,"type":"binary-expr","locations":[{"start":{"line":243,"column":9},"end":{"line":243,"column":58}},{"start":{"line":244,"column":10},"end":{"line":244,"column":59}}]},"35":{"line":258,"type":"if","locations":[{"start":{"line":258,"column":2},"end":{"line":258,"column":2}},{"start":{"line":258,"column":2},"end":{"line":258,"column":2}}]},"36":{"line":258,"type":"binary-expr","locations":[{"start":{"line":258,"column":6},"end":{"line":258,"column":23}},{"start":{"line":258,"column":27},"end":{"line":258,"column":54}}]},"37":{"line":267,"type":"if","locations":[{"start":{"line":267,"column":4},"end":{"line":267,"column":4}},{"start":{"line":267,"column":4},"end":{"line":267,"column":4}}]},"38":{"line":267,"type":"binary-expr","locations":[{"start":{"line":267,"column":9},"end":{"line":267,"column":58}},{"start":{"line":268,"column":10},"end":{"line":268,"column":59}}]},"39":{"line":271,"type":"if","locations":[{"start":{"line":271,"column":6},"end":{"line":271,"column":6}},{"start":{"line":271,"column":6},"end":{"line":271,"column":6}}]},"40":{"line":276,"type":"if","locations":[{"start":{"line":276,"column":6},"end":{"line":276,"column":6}},{"start":{"line":276,"column":6},"end":{"line":276,"column":6}}]},"41":{"line":281,"type":"if","locations":[{"start":{"line":281,"column":6},"end":{"line":281,"column":6}},{"start":{"line":281,"column":6},"end":{"line":281,"column":6}}]},"42":{"line":281,"type":"binary-expr","locations":[{"start":{"line":281,"column":10},"end":{"line":281,"column":19}},{"start":{"line":281,"column":23},"end":{"line":281,"column":48}}]},"43":{"line":292,"type":"if","locations":[{"start":{"line":292,"column":4},"end":{"line":292,"column":4}},{"start":{"line":292,"column":4},"end":{"line":292,"column":4}}]},"44":{"line":292,"type":"binary-expr","locations":[{"start":{"line":292,"column":9},"end":{"line":292,"column":58}},{"start":{"line":293,"column":10},"end":{"line":293,"column":59}}]}},"code":["'use strict';","","process.env.PATH += require('../build/jvm_dll_path.json');","","var _ = require('lodash');","var async = require('async');","var path = require('path');","var fs = require('fs');","var binaryPath = null;","try {","  if(fs.statSync && fs.statSync(path.join(__dirname, \"../build/Debug/nodejavabridge_bindings.node\")).isFile()) {","    binaryPath = path.resolve(path.join(__dirname, \"../build/Debug/nodejavabridge_bindings.node\"));","    console.log('****** NODE-JAVA RUNNING IN DEBUG MODE ******');","  }","} catch(e) {","  // do nothing fs.statSync just couldn't find the file","}","if (!binaryPath) {","  binaryPath = path.resolve(path.join(__dirname, \"../build/Release/nodejavabridge_bindings.node\"));","}","var bindings = require(binaryPath);","","var java = module.exports = new bindings.Java();","java.classpath.push(path.resolve(__dirname, \"../commons-lang3-node-java.jar\"));","java.classpath.push(path.resolve(__dirname, __dirname, \"../src-java\"));","java.classpath.pushDir = function(dir) {","  fs.readdirSync(dir).forEach(function(file) {","    java.classpath.push(path.resolve(dir, file));","  });","};","java.nativeBindingLocation = binaryPath;","","var syncSuffix = undefined;","var asyncSuffix = undefined;","var ifReadOnlySuffix = '_';","","var SyncCall = function(obj, method) {","  if (syncSuffix === undefined)","    throw new Error('Sync call made before jvm created');","  var syncMethodName = method + syncSuffix;","  if (syncMethodName in obj)","    return obj[syncMethodName].bind(obj);","  else","    throw new Error('Sync method not found:' + syncMethodName);","}","","java.isJvmCreated = function() {","  return typeof java.onJvmCreated !== 'function';","}","","var clients = [];","","// We provide two methods for 'clients' of node-java to 'register' their use of java.","// By registering, a client gets the opportunity to be called asynchronously just before the JVM is created,","// and just after the JVM is created. The before hook function will typically be used to add to java.classpath.","// The function may peform asynchronous operations, such as async [glob](https://github.com/isaacs/node-glob)","// resolutions of wild-carded file system paths, and then notify when it has finished via either calling","// a node-style callback function, or by resolving a promise.","","// A client can register function hooks to be called before and after the JVM is created.","// If the client doesn't need to be called back for either function, it can pass null or undefined.","// Both before and after here are assumed to be functions that accept one argument that is a node-callback function.","java.registerClient = function(before, after) {","  var before_, after_;","  if (java.isJvmCreated()) {","    throw new Error('java.registerClient() called after JVM already created.');","  }","  before_ = (before && before.length === 0) ?","    function(cb) { before(); cb(); } :","    before;","","  after_ = (after && after.length === 0) ?","    function(cb) { after(); cb(); } :","    after;","","  clients.push({before: before_, after: after_});","}","","// A client can register function hooks to be called before and after the JVM is created.","// If the client doesn't need to be called back for either function, it can pass null or undefined.","// Both before and after here are assumed to be functions that return Promises/A+ `thenable` objects.","java.registerClientP = function(beforeP, afterP) {","  if (java.isJvmCreated()) {","    throw new Error('java.registerClient() called after JVM already created.');","  }","  clients.push({beforeP: beforeP, afterP: afterP});","}","","function runBeforeHooks(done) {","  function iterator(client, cb) {","    try {","      if (client.before) {","        client.before(cb);","      }","      else if (client.beforeP) {","        client.beforeP().then(function(ignored) { cb(); }, function(err) { cb(err); });","      }","      else {","        cb();","      }","    }","    catch (err) {","      cb(err);","    }","  }","  async.each(clients, iterator, done);","}","","function createJVMAsync(callback) {","  var ignore = java.newLong(0); // called just for the side effect that it will create the JVM","  callback();","}","","function runAfterHooks(done) {","  function iterator(client, cb) {","    try {","      if (client.after) {","        client.after(cb);","      }","      else if (client.afterP) {","        client.afterP().then(function(ignored) { cb(); }, function(err) { cb(err); });","      }","      else {","        cb();","      }","    }","    catch (err) {","      cb(err);","    }","  }","  async.each(clients, iterator, done);","}","","function initializeAll(done) {","  async.series([runBeforeHooks, createJVMAsync, runAfterHooks], done);","}","","// This function ensures that the JV
[...]
:51,"column":4},"end":{"line":51,"column":101}},"30":{"start":{"line":52,"column":4},"end":{"line":52,"column":109}},"31":{"start":{"line":53,"column":4},"end":{"line":53,"column":16}},"32":{"start":{"line":57,"column":4},"end":{"line":57,"column":19}},"33":{"start":{"line":58,"column":4},"end":{"line":58,"column":64}},"34":{"start":{"line":59,"column":4},"end":{"line":59,"column":27}},"35":{"start":{"line":60,"column":4},"end":{"line":60,"column":27}},"36":{"start":{"line":61,"column":4},"end":{"line":61,"column":42}},"37":{"start":{"line":62,"column":4},"end":{"line":62,"column":16}},"38":{"start":{"line":66,"column":4},"end":{"line":66,"column":19}},"39":{"start":{"line":69,"column":4},"end":{"line":69,"column":49}},"40":{"start":{"line":70,"column":4},"end":{"line":70,"column":80}},"41":{"start":{"line":71,"column":4},"end":{"line":71,"column":16}},"42":{"start":{"line":75,"column":4},"end":{"line":75,"column":19}},"43":{"start":{"line":76,"column":4},"end":{"line":76,"column":64}},"44":{"start":{"line":77,"column":4},"end":{"line":83,"column":9}},"45":{"start":{"line":78,"column":26},"end":{"line":78,"column":57}},"46":{"start":{"line":79,"column":26},"end":{"line":79,"column":51}},"47":{"start":{"line":81,"column":8},"end":{"line":81,"column":34}},"48":{"start":{"line":82,"column":8},"end":{"line":82,"column":20}}},"branchMap":{},"code":["// testSyncDefaultPlusPromise.js","","// Just Sync and Promise, with Sync the default (i.e. no suffix).","// This is the configuration that RedSeal wants for use with Tinkerpop/Gremlin.","","var java = require(\"../\");","var assert = require(\"assert\");","var _ = require('lodash');","","java.asyncOptions = {","  syncSuffix: \"\",","  promiseSuffix: 'P',","  promisify: require('when/node').lift         // https://github.com/cujojs/when","};","","module.exports = {","  testAPI: function(test) {","    test.expect(6);","    var arrayList = java.newInstanceSync(\"java.util.ArrayList\");","    test.ok(arrayList);","    test.ok(java.instanceOf(arrayList, \"java.util.ArrayList\"));","","    test.ok(!_.isUndefined(arrayList.add), 'Expected `add` to be present, but it is NOT.');","    test.ok(!_.isUndefined(arrayList.addP), 'Expected `addP` to be present, but it is NOT.');","    test.ok(_.isUndefined(arrayList.addSync), 'Expected `addSync` to NOT be present, but it is.');","    test.ok(_.isUndefined(arrayList.addAsync), 'Expected `addAsync` to NOT be present, but it is.');","    test.done();","  },","","  testImportClass: function(test) {","    test.expect(3);","    // Note: java.import executes javascript code in lib/nodeJavaBridge that makes sync calls to java classes.","    // This test verifies the import runs without error.","    var ArrayList = java.import(\"java.util.ArrayList\");","    test.ok(ArrayList);","    var arrayList = new ArrayList();","    test.ok(arrayList);","    test.strictEqual(arrayList.size(), 0);","    test.done();","  },","","  testStaticAPI: function(test) {","    test.expect(6);","    var String = java.import(\"java.lang.String\");","    test.ok(String);","","    var api = _.functions(String);","    test.ok(_.includes(api, 'format'), 'Expected `format` to be present, but it is NOT.');","    test.ok(_.includes(api, 'formatP'), 'Expected `formatP` to be present, but it is NOT.');","    test.ok(!_.includes(api, 'formatSync'), 'Expected `formatSync` to NOT be present, but it is.');","    test.ok(!_.includes(api, 'formatAsync'), 'Expected `formatAsync` to NOT be present, but it is.');","    test.ok(!_.includes(api, 'formatundefined'), 'Expected `formatundefined` to NOT be present, but it is.');","    test.done();","  },","","  testSyncCalls: function(test) {","    test.expect(1);","    var arrayList = java.newInstanceSync(\"java.util.ArrayList\");","    arrayList.add(\"hello\");","    arrayList.add(\"world\");","    test.strictEqual(arrayList.size(), 2);","    test.done();","  },","","  testStaticSyncCalls: function(test) {","    test.expect(1);","    // Note: java.import executes javascript code in lib/nodeJavaBridge that makes sync calls to java classes.","    // Among other things, java.import creates Sync functions for static methods.","    var String = java.import(\"java.lang.String\");","    test.strictEqual(String.format('%s--%s', \"hello\", \"world\"), \"hello--world\");","    test.done();","  },","","  testPromiseCalls: function(test) {","    test.expect(1);","    var arrayList = java.newInstanceSync(\"java.util.ArrayList\");","    arrayList.addP(\"hello\")","      .then(function () { return arrayList.addP(\"world\"); })","      .then(function () { return arrayList.sizeP(); })","      .then(function (size) {","        test.strictEqual(size, 2);","        test.done();","      });","  }","","}",""],"l":{"6":2,"7":2,"8":2,"10":2,"16":0,"18":0,"19":0,"20":0,"21":0,"23":0,"24":0,"25":0,"26":0,"27":0,"31":0,"34":0,"35":0,"36":0,"37":0,"38":0,"39":0,"43":0,"44":0,"45":0,"47":0,"48":0,"49":0,"50":0,"51":0,"52":0,"53":0,"57":0,"58":0,"59":0,"60":0,"61":0,"62":0,"66":0,"69":0,"70":0,"71":0,"75":0,"76":0,"77":0,"78":0,"79":0,"81":0,"82":0}},"/home/travis/build/npmtest/node-npmtest-java/node_modules/java/testAsyncOptions/testUnusableMethodName.js":{"path":"/home/travis/build/npmtest/node-npmtest-java/node_modules/java/testAsyncOptions/testUnusableMethodName.js","s":{"1":2,"2":2,"3":2,"4":0,"5":0,"6":0,"7":1,"8":0,"9":0,"10":0,"11":1,"12":0,"13":0,"14":0,"15":0,"16":0,"17":0,"18":0,"19":0,"20":0,"21":0,"22":0,"23":0,"24":0,"25":0,"26":0,"27":0,"28":0,"29":0,"30":0,"31":0,"32":0,"33":0,"34":0,"35":0,"36":0,"37":0,"38":0,"39":0,"40":0,"41":0,"42":0,"43":0,"44":0,"45":0,"46":0,"47":0,"48":0,"49":0,"50":0,"51":0,"52":0,"53":0,"54":0,"55":0,"56":0,"57":0,"58":0,"59":0,"60":0,"61":0,"62":0,"63":0,"64":0,"65":0,"66":0,"67":0,"68":0,"69":0,"70":0,"71":0,"72":0,"73":0,"74":0,"75":0,"76":0,"77":0,"78":0,"79":0,"80":0,"81":0,"82":0},"b":{"1":[0,0],"2":[0,0],"3":[0,0]},"f":{"1":0,"2":0,"3":0,"4":0,"5":0,"6":0,"7":0,"8":0,"9":0,"10":0,"11":0,"12":0,"13":0,"14":0,"15":0,"16":0,"17":0,"18":0,"19":0,"20":0,"21":0,"22":0,"23":0},"fnMap":{"1":{"name":"(anonymous_1)","line":16,"loc":{"start":{"line":16,"column":10},"end":{"line":16,"column":25}}},"2":{"name":"before","line":24,"loc":{"start":{"line":24,"column":4},"end":{"line":24,"column":30}}},"3":{"name":"after","line":30,"loc":{"start":{"line":30,"column":4},"end":{"line":30,"column":29}}},"4":{"name":"(anonymous_4)","line":37,"loc":{"start":{"line":37,"column":19},"end":{"line":37,"column":33}}},"5":{"name":"(anonymous_5)","line":44,"loc":{"start":{"line":44,"column":37},"end":{"line":44,"column":52}}},"6":{"name":"(anonymous_6)","line":49,"loc":{"start":{"line":49,"column":6},"end":{"line":49,"column":17}}},"7":{"name":"(anonymous_7)","line":50,"loc":{"start":{"line":50,"column":18},"end":{"line":50,"column":32}}},"8":{"name":"(anonymous_8)","line":54,"loc":{"start":{"line":54,"column":6},"end":{"line":54,"column":20}}},"9":{"name":"(anonymous_9)","line":66,"loc":{"start":{"line":66,"column":39},"end":{"line":66,"column":54}}},"10":{"name":"(anonymous_10)","line":71,"loc":{"start":{"line":71,"column":6},"end":{"line":71,"column":17}}},"11":{"name":"(anonymous_11)","line":72,"loc":{"start":{"line":72,"column":20},"end":{"line":72,"column":34}}},"12":{"name":"(anonymous_12)","line":76,"loc":{"start":{"line":76,"column":6},"end":{"line":76,"column":20}}},"13":{"name":"(anonymous_13)","line":88,"loc":{"start":{"line":88,"column":42},"end":{"line":88,"column":57}}},"14":{"name":"(anonymous_14)","line":93,"loc":{"start":{"line":93,"column":6},"end":{"line":93,"column":17}}},"15":{"name":"(anonymous_15)","line":94,"loc":{"start":{"line":94,"column":23},"end":{"line":94,"column":37}}},"16":{"name":"(anonymous_16)","line":98,"loc":{"start":{"line":98,"column":6},"end":{"line":98,"column":20}}},"17":{"name":"(anonymous_17)","line":110,"loc":{"start":{"line":110,"column":41},"end":{"line":110,"column":56}}},"18":{"name":"(anonymous_18)","line":114,"loc":{"start":{"line":114,"column":18},"end":{"line":114,"column":37}}},"19":{"name":"(anonymous_19)","line":121,"loc":{"start":{"line":121,"column":43},"end":{"line":121,"column":58}}},"20":{"name":"(anonymous_20)","line":125,"loc":{"start":{"line":125,"column":20},"end":{"line":125,"column":39}}},"21":{"name":"(anonymous_21)","line":132,"loc":{"start":{"line":132,"column":46},"end":{"line":132,"column":61}}},"22":{"name":"(anonymous_22)","line":136,"loc":{"start":{"line":136,"column":23},"end":{"line":136,"column":42}}},"23":{"name":"(anonymous_23)","line":143,"loc":{"start":{"line":143,"column":25},"end":{"line":143,"column":40}}}},"statementMap":{"1":{"start":{"line":10,"column":0},"end":{"line":10,"column":26}},"2":{"start":{"line":11,"column":0},"end":{"line":11,"column":26}},"3":{"start":{"line":12,"column":0},"end":{"line":12,"column":35}},"4":{"start":{"line":14,"column":0},"end":{"line":162,"column":1}},"5":{"start":{"line":17,"column":4},"end":{"line":17,"column":19}},"6":{"start":{"line":18,"column":4},"end":{"line":22,"column":6}},"7":{"start":{"line":24,"column":4},"end":{"line":28,"column":5}},"8":{"start":{"line":25,"column":6},"end":{"line":25,"column":35}},"9":{"start":{"line":26,"column":6},"end":{"line":26,"column":36}},"10":{"start":{"line":27,"column":6},"end":{"line":27,"column":17}},"11":{"start":{"line":30,"column":4},"end":{"line":33,"column":5}},"12":{"start":{"line":31,"column":6},"end":{"line":31,"column":35}},"13":{"start":{"line":32,"column":6},"end":{"line":32,"column":17}},"14":{"start":{"line":35,"column":4},"end":{"line":35,"column":39}},"15":{"start":{"line":37,"column":4},"end":{"line":41,"column":7}},"16":{"start":{"line":38,"column":6},"end":{"line":38,"column":24}},"17":{"start":{"line":39,"column":6},"end":{"line":39,"column":35}},"18":{"start":{"line":40,"column":6},"end":{"line":40,"column":18}},"19":{"start":{"line":45,"column":4},"end":{"line":45,"column":19}},"20":{"start":{"line":46,"column":4},"end":{"line":46,"column":35}},"21":{"start":{"line":47,"column":4},"end":{"line":47,"column":18}},"22":{"start":{"line":48,"column":4},"end":{"line":63,"column":6}},"23":{"start":{"line":50,"column":8},"end":{"line":52,"column":11}},"24":{"start":{"line":51,"column":10},"end":{"line":51,"column":22}},"25":{"start":{"line":55,"column":8},"end":{"line":61,"column":9}},"26":{"start":{"line":56,"column":10},"end":{"line":56,"column":22}},"27":{"start":{"line":57,"column":10},"end":{"line":57,"column":22}},"28":{"start":{"line":59,"column":10},"end":{"line":59,"column":25}},"29":{"start":{"line":60,"column":10},"end":{"line":60,"column":23}},"30":{"start":{"line":67,"column":4},"end":{"line":67,"column":19}},"31":{"start":{"line":68,"column":4},"end":{"line":68,"column":35}},"32":{"start":{"line":69,"column":4},"end":{"line":69,"column":18}},"33":{"start":{"line":70,"column":4},"end":{"line":85,"column":6}},"34":{"start":{"line":72,"column":8},"end":{"line":74,"column":11}},"35":{"start":{"line":73,"column":10},"end":{"line":73,"column":22}},"36":{"start":{"line":77,"column":8},"end":{"line":83,"column":9}},"37":{"start":{"line":78,"column":10},"end":{"line":78,"column":22}},"38":{"start":{"line":79,"column":10},"end":{"line":79,"column":22}},"39":{"start":{"line":81,"column":10},"end":{"line":81,"column":25}},"40":{"start":{"line":82,"column":10},"end":{"line":82,"column":23}},"41":{"start":{"line":89,"column":4},"end":{"line":89,"column":19}},"42":{"start":{"line":90,"column":4},"end":{"line":90,"column":35}},"43":{"start":{"line":91,"column":4},"end":{"line":91,"column":18}},"44":{"start":{"line":92,"column":4},"end":{"line":107,"column":6}},"45":{"start":{"line":94,"column":8},"end":{"line":96,"column":11}},"46":{"start":{"line":95,"column":10},"end":{"line":95,"column":22}},"47":{"start":{"line":99,"column":8},"end":{"line":105,"column":9}},"48":{"start":{"line":100,"column":10},"end":{"line":100,"column":22}},"49":{"start":{"line":101,"column":10},"end":{"line":101,"column":22}},"50":{"start":{"line":103,"column":10},"end":{"line":103,"column":25}},"51":{"start":{"line":104,"column":10},"end":{"line":104,"column":23}},"52":{"start":{"line":111,"column":4},"end":{"line":111,"column":19}},"53":{"start":{"line":112,"column":4},"end":{"line":112,"column":35}},"54":{"start":{"line":113,"column":4},"end":{"line":113,"column":18}},"55":{"start":{"line":114,"column":4},"end":{"line":118,"column":7}},"56":{"start":{"line":115,"column":6},"end":{"line":115,"column":24}},"57":{"start":{"line":116,"column":6},"end":{"line":116,"column":36}},"58":{"start":{"line":117,"column":6},"end":{"line":117,"column":18}},"59":{"start":{"line":122,"column":4},"end":{"line":122,"column":19}},"60":{"start":{"line":123,"column":4},"end":{"line":123,"column":35}},"61":{"start":{"line":124,"column":4},"end":{"line":124,"column":18}},"62":{"start":{"line":125,"column":4},"end":{"line":129,"column":7}},"63":{"start":{"line":126,"column":6},"end":{"line":126,"column":24}},"64":{"start":{"line":127,"column":6},"end":{"line":127,"column":38}},"65":{"start":{"line":128,"column":6},"end":{"line":128,"column":18}},"66":{"start":{"line":133,"column":4},"end":{"line":133,"column":19}},"67":{"start":{"line":134,"column":4},"end":{"line":134,"column":35}},"68":{"start":{"line":135,"column":4},"end":{"line":135,"column":18}},"69":{"start":{"line":136,"column":4},"end":{"line":140,"column":7}},"70":{"start":{"line":137,"column":6},"end":{"line":137,"column":24}},"71":{"start":{"line":138,"column":6},"end":{"line":138,"column":41}},"72":{"start":{"line":139,"column":6},"end":{"line":139,"column":18}},"73":{"start":{"line":144,"column":4},"end":{"line":144,"column":19}},"74":{"start":{"line":145,"column":4},"end":{"line":145,"column":44}},"75":{"start":{"line":146,"column":4},"end":{"line":146,"column":22}},"76":{"start":{"line":149,"column":4},"end":{"line":149,"column":57}},"77":{"start":{"line":150,"column":4},"end":{"line":150,"column":57}},"78":{"start":{"line":153,"column":4},"end":{"line":153,"column":65}},"79":{"start":{"line":156,"column":4},"end":{"line":156,"column":59}},"80":{"start":{"line":157,"column":4},"end":{"line":157,"column":63}},"81":{"start":{"line":158,"column":4},"end":{"line":158,"column":69}},"82":{"start":{"line":160,"column":4},"end":{"line":160,"column":16}}},"branchMap":{"1":{"line":55,"type":"if","locations":[{"start":{"line":55,"column":8},"end":{"line":55,"column":8}},{"start":{"line":55,"column":8},"end":{"line":55,"column":8}}]},"2":{"line":77,"type":"if","locations":[{"start":{"line":77,"column":8},"end":{"line":77,"column":8}},{"start":{"line":77,"column":8},"end":{"line":77,"column":8}}]},"3":{"line":99,"type":"if","locations":[{"start":{"line":99,"column":8},"end":{"line":99,"column":8}},{"start":{"line":99,"column":8},"end":{"line":99,"column":8}}]}},"code":["// testUnusableMethodName.js","","// For any function, the property 'name' is an unwritable property.","// The value returned by java.import(<classname>) is a constructor-like function that has the shape of the class.","// In particular, any static methods of the class will be added as properties of the function.","// If a class has a static method named 'name', then an exception woudld be thrown when","// node-java attempts to set assign the static method to the .name property of constructor-like function.","// As a workaround, node-java will append the `ifReadOnlySuffix` to the property name.","","var _ = require('lodash');","var java = require(\"../\");","var nodeunit = require(\"nodeunit\");","","module.exports = {","","  launch: function(test) {","    test.expect(4);","    java.asyncOptions = {","      syncSuffix: \"Sync\",","      asyncSuffix: \"\",","      ifReadOnlySuffix: \"_alt\"","    };","","    function before(callback) {","      java.classpath.push('test/');","      test.ok(!java.isJvmCreated());","      callback();","    }","","    function after(callback) {","      test.ok(java.isJvmCreated());","      callback();","    }","","    java.registerClient(before, after);","","    java.ensureJvm(function(err) {","      test.ifError(err);","      test.ok(java.isJvmCreated());","      test.done();","    });","  },","","  testUnusableMethodName_nameThrows: function(test) {","    test.expect(1);","    var Test = java.import(\"Test\");","    test.ok(Test);","    test.throws(","      function() {","        Test.name(function(err) {","          test.fail();  // should not get here","        });","      },","      function(err) {","        if (err instanceof TypeError) {","          test.done();","          return true;","        } else {","          test.done(err);","          return false;","        }","      }","    );","  },","","  testUnusableMethodName_callerThrows: function(test) {","    test.expect(1);","    var Test = java.import(\"Test\");","    test.ok(Test);","    test.throws(","      function() {","        Test.caller(function(err) {","          test.fail();  // should not get here","        });","      },","      function(err) {","        if (err instanceof TypeError) {","          test.done();","          return true;","        } else {","          test.done(err);","          return false;","        }","      }","    );","  },","","  testUnusableMethodName_argumentsThrows: function(test) {","    test.expect(1);","    var Test = java.import(\"Test\");","    test.ok(Test);","    test.throws(","      function() {","        Test.arguments(function(err) {","          test.fail();  // should not get here","        });","      },","      function(err) {","        if (err instanceof TypeError) {","          test.done();","          return true;","        } else {","          test.done(err);","          return false;","        }","      }","    );","  },","","  testAlternateMethodName_name_altWorks: function(test) {","    test.expect(3);","    var Test = java.import(\"Test\");","    test.ok(Test);","    Test.name_alt(function(err, val) {","      test.ifError(err);","      test.strictEqual(val, \"name\");","      test.done();","    });","  },","","  testAlternateMethodName_caller_altWorks: function(test) {","    test.expect(3);","    var Test = java.import(\"Test\");","    test.ok(Test);","    Test.caller_alt(function(err, val) {","      test.ifError(err);","      test.strictEqual(val, \"caller\");","      test.done();","    });","  },","","  testAlternateMethodName_arguments_altWorks: function(test) {","    test.expect(3);","    var Test = java.import(\"Test\");","    test.ok(Test);","    Test.arguments_alt(function(err, val) {","      test.ifError(err);","      test.strictEqual(val, \"arguments\");","      test.done();","    });","  },","","  testReservedFieldName: function(test) {","    test.expect(7);","    var TestEnum = java.import(\"Test$Enum\");","    test.ok(TestEnum);","","    // 'foo' and 'bar' are valid enum names","    test.strictEqual(TestEnum.foo.toStringSync(), \"foo\");","    test.strictEqual(TestEnum.bar.toStringSync(), \"bar\");","","    // TestEnum.name is actually the name of the proxy constructor function.","    test.strictEqual(TestEnum.name, \"javaClassConstructorProxy\");","","    // Instead we need to acccess TestEnum.name_alt","    test.strictEqual(TestEnum.name_alt.toString(), \"name\");","    test.strictEqual(TestEnum.caller_alt.toString(), \"caller\");","    test.strictEqual(TestEnum.arguments_alt.toString(), \"arguments\");","","    test.done();","  },","}",""],"l":{"10":2,"11":2,"12":2,"14":0,"17":0,"18":0,"24":1,"25":0,"26":0,"27":0,"30":1,"31":0,"32":0,"35":0,"37":0,"38":0,"39":0,"40":0,"45":0,"46":0,"47":0,"48":0,"50":0,"51":0,"55":0,"56":0,"57":0,"59":0,"60":0,"67":0,"68":0,"69":0,"70":0,"72":0,"73":0,"77":0,"78":0,"79":0,"81":0,"82":0,"89":0,"90":0,"91":0,"92":0,"94":0,"95":0,"99":0,"100":0,"101":0,"103":0,"104":0,"111":0,"112":0,"113":0,"114":0,"115":0,"116":0,"117":0,"122":0,"123":0,"124":0,"125":0,"126":0,"127":0,"128":0,"133":0,"134":0,"135":0,"136":0,"137":0,"138":0,"139":0,"144":0,"145":0,"146":0,"149":0,"150":0,"153":0,"156":0,"157":0,"158":0,"160":0}}}